JvmtiExport can_access_local_variables 0
JvmtiExport can_hotswap_or_post_breakpoint 0
JvmtiExport can_post_on_exceptions 0
# 114 ciObject found
ciMethod sun/misc/Unsafe compareAndSwapObject (Ljava/lang/Object;JLjava/lang/Object;Ljava/lang/Object;)Z 2049 1 256 0 -1
ciMethod sun/misc/Unsafe putOrderedObject (Ljava/lang/Object;JLjava/lang/Object;)V 57 1 7 0 -1
ciMethod java/util/concurrent/ConcurrentLinkedQueue updateHead (Ljava/util/concurrent/ConcurrentLinkedQueue$Node;Ljava/util/concurrent/ConcurrentLinkedQueue$Node;)V 2033 1 4854 0 0
ciMethod java/util/concurrent/ConcurrentLinkedQueue poll ()Ljava/lang/Object; 2049 49 5376 0 -1
ciMethod java/util/concurrent/ConcurrentLinkedQueue casHead (Ljava/util/concurrent/ConcurrentLinkedQueue$Node;Ljava/util/concurrent/ConcurrentLinkedQueue$Node;)Z 49 1 594 0 0
ciMethod java/util/concurrent/ConcurrentLinkedQueue$Node casItem (Ljava/lang/Object;Ljava/lang/Object;)Z 65 1 1120 0 0
ciMethod java/util/concurrent/ConcurrentLinkedQueue$Node lazySetNext (Ljava/util/concurrent/ConcurrentLinkedQueue$Node;)V 49 1 594 0 0
ciMethodData java/util/concurrent/ConcurrentLinkedQueue poll ()Ljava/lang/Object; 2 5376 orig 264 56 173 233 108 0 0 0 0 248 83 209 21 0 0 0 0 224 2 0 0 104 1 0 0 0 0 0 0 0 0 0 0 0 0 0 0 0 0 0 0 0 0 0 0 0 0 0 0 0 0 0 0 0 0 0 0 0 0 0 0 0 0 0 0 0 0 0 0 0 0 0 0 0 0 0 0 0 0 0 0 77 68 79 32 101 120 116 114 97 32 100 97 116 97 32 108 111 99 107 0 0 0 0 0 0 0 0 0 0 0 0 0 0 0 0 0 0 0 0 0 0 0 0 0 0 0 0 0 0 0 0 0 0 0 0 0 0 0 0 0 0 0 0 0 0 0 0 0 0 0 0 0 0 0 0 0 0 0 0 0 0 0 0 0 0 0 0 0 0 0 0 0 0 0 0 0 0 0 0 0 0 0 0 0 0 0 0 0 0 0 0 0 0 0 0 0 0 0 0 0 0 0 0 0 0 0 0 0 0 0 0 0 0 0 0 0 0 1 0 0 1 160 0 0 89 18 0 0 0 0 0 0 0 0 0 0 2 0 0 0 2 0 30 0 2 0 0 0 152 1 0 0 255 255 255 255 7 0 15 0 0 0 0 0 data 51 0xf0007 0x11f3 0xf8 0x458 0x160005 0x0 0x1d8c3270 0x458 0x0 0x0 0x190007 0x0 0xa8 0x458 0x1e0007 0x20d 0x88 0x24b 0x290007 0x3e 0x38 0x20d 0x2d0003 0x20d 0x18 0x310005 0x0 0x1d8c2d30 0x24b 0x0 0x0 0x3d0007 0x24b 0x50 0xfa8 0x430005 0x0 0x1d8c2d30 0xfa8 0x0 0x0 0x4a0007 0x24b 0x38 0x0 0x4d0003 0x0 0xfffffffffffffe98 0x520003 0x24b 0xfffffffffffffe80 oops 3 6 java/util/concurrent/ConcurrentLinkedQueue$Node 27 java/util/concurrent/ConcurrentLinkedQueue 37 java/util/concurrent/ConcurrentLinkedQueue
ciMethodData java/util/concurrent/ConcurrentLinkedQueue$Node casItem (Ljava/lang/Object;Ljava/lang/Object;)Z 2 1120 orig 264 56 173 233 108 0 0 0 0 64 42 36 26 0 0 0 0 136 1 0 0 0 0 0 0 0 0 0 0 0 0 0 0 0 0 0 0 0 0 0 0 0 0 0 0 0 0 0 0 0 0 0 0 0 0 0 0 0 0 0 0 0 0 0 0 0 0 0 0 0 0 0 0 0 0 0 0 0 0 0 0 77 68 79 32 101 120 116 114 97 32 100 97 116 97 32 108 111 99 107 0 0 0 0 0 0 0 0 0 0 0 0 0 0 0 0 0 0 0 0 0 0 0 0 0 0 0 0 0 0 0 0 0 0 0 0 0 0 0 0 0 0 0 0 0 0 0 0 0 0 0 0 0 0 0 0 0 0 0 0 0 0 0 0 0 0 0 0 0 0 0 0 0 0 0 0 0 0 0 0 0 0 0 0 0 0 0 0 0 0 0 0 0 0 0 0 0 0 0 0 0 0 0 0 0 0 0 0 0 0 0 0 0 0 0 0 0 8 0 0 0 193 34 0 0 1 0 0 0 0 0 0 0 0 0 0 0 2 0 0 0 0 0 0 0 0 0 0 0 48 0 0 0 255 255 255 255 5 0 9 0 0 0 0 0 data 6 0x90005 0x0 0x0 0x0 0x0 0x0 oops 0
ciMethodData java/util/concurrent/ConcurrentLinkedQueue updateHead (Ljava/util/concurrent/ConcurrentLinkedQueue$Node;Ljava/util/concurrent/ConcurrentLinkedQueue$Node;)V 2 4854 orig 264 56 173 233 108 0 0 0 0 80 81 209 21 0 0 0 0 216 1 0 0 0 0 0 0 0 0 0 0 0 0 0 0 0 0 0 0 0 0 0 0 0 0 0 0 0 0 0 0 0 0 0 0 0 0 0 0 0 0 0 0 0 0 0 0 0 0 0 0 0 0 0 0 0 0 0 0 0 0 0 0 77 68 79 32 101 120 116 114 97 32 100 97 116 97 32 108 111 99 107 0 0 0 0 0 0 0 0 0 0 0 0 0 0 0 0 0 0 0 0 0 0 0 0 0 0 0 0 0 0 0 0 0 0 0 0 0 0 0 0 0 0 0 0 0 0 0 0 0 0 0 0 0 0 0 0 0 0 0 0 0 0 0 0 0 0 0 0 0 0 0 0 0 0 0 0 0 0 0 0 0 0 0 0 0 0 0 0 0 0 0 0 0 0 0 0 0 0 0 0 0 0 0 0 0 0 0 0 0 0 0 0 0 0 0 0 0 254 0 0 0 193 143 0 0 1 0 0 0 0 0 0 0 0 0 0 0 2 0 0 0 0 0 0 0 0 0 0 0 128 0 0 0 255 255 255 255 7 0 2 0 0 0 0 0 data 16 0x20007 0xfac 0x80 0x24c 0x80002 0x24c 0xb0007 0x0 0x50 0x24c 0x100005 0x0 0x1d8c3270 0x24c 0x0 0x0 oops 1 12 java/util/concurrent/ConcurrentLinkedQueue$Node
ciMethodData java/util/concurrent/ConcurrentLinkedQueue casHead (Ljava/util/concurrent/ConcurrentLinkedQueue$Node;Ljava/util/concurrent/ConcurrentLinkedQueue$Node;)Z 1 594 orig 264 56 173 233 108 0 0 0 0 0 97 209 21 0 0 0 0 136 1 0 0 0 0 0 0 0 0 0 0 0 0 0 0 0 0 0 0 0 0 0 0 0 0 0 0 0 0 0 0 0 0 0 0 0 0 0 0 0 0 0 0 0 0 0 0 0 0 0 0 0 0 0 0 0 0 0 0 0 0 0 0 77 68 79 32 101 120 116 114 97 32 100 97 116 97 32 108 111 99 107 0 0 0 0 0 0 0 0 0 0 0 0 0 0 0 0 0 0 0 0 0 0 0 0 0 0 0 0 0 0 0 0 0 0 0 0 0 0 0 0 0 0 0 0 0 0 0 0 0 0 0 0 0 0 0 0 0 0 0 0 0 0 0 0 0 0 0 0 0 0 0 0 0 0 0 0 0 0 0 0 0 0 0 0 0 0 0 0 0 0 0 0 0 0 0 0 0 0 0 0 0 0 0 0 0 0 0 0 0 0 0 0 0 0 0 0 0 6 0 0 0 97 18 0 0 1 0 0 0 0 0 0 0 0 0 0 0 2 0 0 0 0 0 0 0 0 0 0 0 48 0 0 0 255 255 255 255 5 0 9 0 0 0 0 0 data 6 0x90005 0x1 0x0 0x0 0x0 0x0 oops 0
ciMethodData java/util/concurrent/ConcurrentLinkedQueue$Node lazySetNext (Ljava/util/concurrent/ConcurrentLinkedQueue$Node;)V 1 594 orig 264 56 173 233 108 0 0 0 0 224 42 36 26 0 0 0 0 128 1 0 0 0 0 0 0 0 0 0 0 0 0 0 0 0 0 0 0 0 0 0 0 0 0 0 0 0 0 0 0 0 0 0 0 0 0 0 0 0 0 0 0 0 0 0 0 0 0 0 0 0 0 0 0 0 0 0 0 0 0 0 0 77 68 79 32 101 120 116 114 97 32 100 97 116 97 32 108 111 99 107 0 0 0 0 0 0 0 0 0 0 0 0 0 0 0 0 0 0 0 0 0 0 0 0 0 0 0 0 0 0 0 0 0 0 0 0 0 0 0 0 0 0 0 0 0 0 0 0 0 0 0 0 0 0 0 0 0 0 0 0 0 0 0 0 0 0 0 0 0 0 0 0 0 0 0 0 0 0 0 0 0 0 0 0 0 0 0 0 0 0 0 0 0 0 0 0 0 0 0 0 0 0 0 0 0 0 0 0 0 0 0 0 0 0 0 0 0 6 0 0 0 97 18 0 0 1 0 0 0 0 0 0 0 0 0 0 0 2 0 0 0 0 0 0 0 0 0 0 0 48 0 0 0 255 255 255 255 5 0 8 0 0 0 0 0 data 6 0x80005 0x1 0x0 0x0 0x0 0x0 oops 0
instanceKlass org/gradle/process/internal/streams/ExecOutputHandleRunner
instanceKlass org/gradle/util/DisconnectableInputStream$1
instanceKlass org/gradle/util/DisconnectableInputStream$ThreadExecuter
instanceKlass java/lang/ProcessImpl$2
instanceKlass net/rubygrapefruit/platform/internal/jni/WindowsHandleFunctions
instanceKlass org/gradle/internal/operations/BuildOperationIdentifierPreservingRunnable
instanceKlass org/gradle/process/internal/ProcessBuilderFactory
instanceKlass java/lang/ProcessBuilder
instanceKlass org/gradle/process/internal/ExecHandleRunner
instanceKlass org/gradle/process/internal/ExecHandleShutdownHookAction
instanceKlass net/rubygrapefruit/platform/internal/DefaultProcessLauncher
instanceKlass net/rubygrapefruit/platform/internal/WindowsProcessLauncher
instanceKlass net/rubygrapefruit/platform/internal/WrapperProcessLauncher
instanceKlass org/gradle/process/internal/DefaultExecHandle
instanceKlass org/gradle/process/internal/ProcessSettings
instanceKlass org/gradle/process/internal/streams/StreamsForwarder
instanceKlass org/gradle/process/internal/streams/SafeStreams
instanceKlass org/gradle/process/internal/ExecHandleListener
instanceKlass org/gradle/process/internal/ExecHandle
instanceKlass org/gradle/process/internal/streams/StreamsHandler
instanceKlass org/codehaus/groovy/runtime/metaclass/DefaultMetaClassInfo$ConstantMetaClassVersioning
instanceKlass org/codehaus/groovy/runtime/metaclass/DefaultMetaClassInfo
instanceKlass org/codehaus/groovy/runtime/BytecodeInterface8
instanceKlass org/gradle/api/internal/changedetection/rules/FileChange
instanceKlass org/gradle/api/internal/tasks/SimpleWorkResult
instanceKlass org/gradle/api/internal/file/delete/DefaultDeleteSpec
instanceKlass org/gradle/api/tasks/Delete$1
instanceKlass org/gradle/api/internal/changedetection/changes/NoHistoryArtifactState
instanceKlass java/util/IdentityHashMap$IdentityHashMapIterator
instanceKlass org/gradle/api/internal/artifacts/ivyservice/ShortCircuitEmptyConfigurationResolver$EmptyResolvedConfiguration
instanceKlass org/gradle/api/internal/changedetection/state/ListValueSnapshot
instanceKlass org/gradle/api/internal/file/collections/MapFileTree$Visit
instanceKlass org/gradle/api/internal/file/AbstractFileTree$FilteredFileTreeImpl$1
instanceKlass org/gradle/api/file/EmptyFileVisitor
instanceKlass org/gradle/api/internal/file/collections/SingletonFileTree
instanceKlass org/gradle/api/internal/changedetection/state/OrderInsensitiveTaskFilePropertyCompareStrategy$IncrementalFileSnapshotWithAbsolutePath
instanceKlass com/google/common/collect/MultimapBuilder$MultimapBuilderWithKeys
instanceKlass com/google/common/collect/MultimapBuilder
instanceKlass org/gradle/api/internal/changedetection/state/MissingFileSnapshot
instanceKlass com/android/builder/core/VariantConfiguration$$Lambda$271
instanceKlass org/gradle/api/tasks/util/internal/CachingPatternSpecFactory$CachingSpec$1
instanceKlass org/gradle/api/tasks/util/internal/CachingPatternSpecFactory$CacheKey
instanceKlass com/android/builder/core/VariantConfiguration$$Lambda$270
instanceKlass com/android/build/gradle/internal/CombinedInput
instanceKlass org/gradle/api/internal/changedetection/state/NullValueSnapshot
instanceKlass org/gradle/api/internal/changedetection/state/AbstractScalarValueSnapshot
instanceKlass org/gradle/api/internal/changedetection/rules/AbstractNamedFileSnapshotTaskStateChanges$2
instanceKlass org/gradle/util/DiffUtil
instanceKlass org/gradle/api/internal/changedetection/rules/AbstractNamedFileSnapshotTaskStateChanges$1
instanceKlass org/gradle/api/internal/artifacts/transform/VariantAttributeMatchingCache$AttributeSpecificCache
instanceKlass org/gradle/api/internal/artifacts/transform/ConsumerVariantMatchResult
instanceKlass org/gradle/internal/component/model/DefaultCompatibilityCheckResult
instanceKlass org/gradle/api/internal/attributes/AttributeValue
instanceKlass org/gradle/internal/component/model/ComponentAttributeMatcher$MatchDetails
instanceKlass org/gradle/api/internal/artifacts/ivyservice/resolveengine/artifact/LocalFileDependencyBackedArtifactSet$SingletonFileResolvedVariant
instanceKlass org/gradle/internal/component/local/model/OpaqueComponentArtifactIdentifier
instanceKlass org/gradle/api/internal/artifacts/ivyservice/resolveengine/oldresult/TransientConfigurationResultsBuilder$5
instanceKlass org/gradle/api/internal/artifacts/ivyservice/ivyresolve/LocalModuleComponentRepository$RemoteAccess
instanceKlass org/gradle/api/internal/artifacts/ivyservice/ivyresolve/LocalModuleComponentRepository$LocalAccess
instanceKlass org/gradle/internal/resource/transport/file/FileTransport$NoOpCacheAwareExternalResourceAccessor
instanceKlass org/gradle/api/internal/changedetection/state/DirectoryTreeDetails
instanceKlass org/gradle/api/internal/file/AbstractFileTreeElement
instanceKlass java/nio/file/Files$3
instanceKlass java/nio/file/FileTreeWalker$Event
instanceKlass java/nio/file/FileTreeWalker$DirectoryNode
instanceKlass java/util/ArrayDeque$DeqIterator
instanceKlass java/nio/file/FileTreeWalker$1
instanceKlass java/nio/file/FileTreeWalker
instanceKlass org/gradle/api/internal/file/collections/jdk7/Jdk7DirectoryWalker$1
instanceKlass org/gradle/api/file/ReproducibleFileVisitor
instanceKlass org/gradle/api/tasks/util/internal/CachingPatternSpecFactory$CachingSpec
instanceKlass org/gradle/api/internal/file/RelativePathSpec
instanceKlass org/gradle/api/internal/file/pattern/AnythingMatcher
instanceKlass org/gradle/api/internal/file/pattern/FixedPatternStep
instanceKlass org/gradle/api/internal/file/pattern/PatternMatcherFactory$PathMatcherBackedSpec
instanceKlass org/gradle/api/internal/file/pattern/HasSuffixPatternStep
instanceKlass org/gradle/api/internal/file/pattern/HasPrefixPatternStep
instanceKlass org/gradle/api/internal/file/pattern/HasPrefixAndSuffixPatternStep
instanceKlass org/gradle/api/internal/file/pattern/AnyWildcardPatternStep
instanceKlass org/gradle/api/internal/file/pattern/PatternStep
instanceKlass org/gradle/api/internal/file/pattern/PatternStepFactory
instanceKlass org/gradle/api/internal/file/pattern/FixedStepPathMatcher
instanceKlass org/gradle/api/internal/file/pattern/GreedyPathMatcher
instanceKlass org/gradle/api/internal/file/pattern/EndOfPathMatcher
instanceKlass org/gradle/api/internal/file/pattern/PathMatcher
instanceKlass org/gradle/api/internal/file/pattern/PatternMatcherFactory
instanceKlass org/gradle/api/tasks/util/internal/CachingPatternSpecFactory$1
instanceKlass org/gradle/api/tasks/util/internal/CachingPatternSpecFactory$SpecKey
instanceKlass org/apache/tools/ant/util/SymbolicLinkUtils
instanceKlass org/apache/tools/ant/DirectoryScanner
instanceKlass org/apache/tools/ant/types/selectors/SelectorScanner
instanceKlass org/apache/tools/ant/FileScanner
instanceKlass org/gradle/api/internal/changedetection/state/DefaultFileSystemSnapshotter$FileVisitorImpl
instanceKlass org/gradle/api/internal/changedetection/state/DefaultFileSystemSnapshotter$4
instanceKlass org/gradle/api/internal/file/collections/AbstractDirectoryWalker
instanceKlass org/gradle/api/internal/changedetection/state/AbstractNormalizedFileSnapshot
instanceKlass org/gradle/api/internal/changedetection/state/DirectoryFileSnapshot
instanceKlass org/gradle/api/internal/tasks/TaskOutputsUtil
instanceKlass com/android/build/gradle/internal/pipeline/TransformTask$$Lambda$269
instanceKlass groovy/util/CharsetToolkit
instanceKlass org/gradle/jvm/tasks/Jar$1$1
instanceKlass org/gradle/api/internal/AbstractTask$17
instanceKlass org/gradle/api/internal/file/collections/MapFileTree
instanceKlass org/gradle/api/internal/file/collections/FileSystemMirroringFileTree
instanceKlass org/gradle/api/internal/artifacts/ivyservice/resolveengine/artifact/BuildDependenciesOnlyVisitedArtifactSet$BuildDependenciesOnlySelectedArtifactSet
instanceKlass org/gradle/api/internal/artifacts/ivyservice/resolveengine/artifact/LocalFileDependencyBackedArtifactSet
instanceKlass org/gradle/api/internal/artifacts/ivyservice/resolveengine/artifact/FileDependencyArtifactSet
instanceKlass org/gradle/internal/component/local/model/PublishArtifactLocalArtifactMetadata
instanceKlass org/gradle/api/internal/artifacts/ivyservice/moduleconverter/dependencies/DefaultDependenciesToModuleDescriptorConverter$DefaultLocalFileDependencyMetadata
instanceKlass org/gradle/api/internal/artifacts/ivyservice/ivyresolve/NoRepositoriesResolver
instanceKlass org/gradle/api/internal/artifacts/configurations/DefaultConfiguration$ConfigurationTaskDependency$1
instanceKlass org/gradle/api/internal/artifacts/ivyservice/ShortCircuitEmptyConfigurationResolver$EmptyResults
instanceKlass org/gradle/api/internal/artifacts/ivyservice/resolveengine/result/DefaultResolutionResultBuilder$RootFactory
instanceKlass org/gradle/api/internal/artifacts/result/DefaultResolvedComponentResult
instanceKlass org/gradle/api/internal/artifacts/ivyservice/resolveengine/result/DefaultComponentResult
instanceKlass org/gradle/api/internal/artifacts/ivyservice/resolveengine/result/CachingDependencyResultFactory
instanceKlass org/gradle/api/artifacts/result/DependencyResult
instanceKlass org/gradle/api/artifacts/result/ResolvedComponentResult
instanceKlass org/gradle/api/internal/artifacts/ivyservice/resolveengine/result/DefaultResolutionResultBuilder
instanceKlass org/gradle/api/internal/artifacts/ivyservice/resolveengine/artifact/BuildDependenciesVisitor
instanceKlass org/gradle/api/internal/cache/DefaultFileContentCacheFactory$DefaultFileContentCache
instanceKlass org/gradle/api/internal/tasks/compile/AnnotationProcessorDetector$AnnotationServiceLocator
instanceKlass org/gradle/api/internal/cache/FileContentCacheFactory$Calculator
instanceKlass org/gradle/api/internal/cache/FileContentCache
instanceKlass org/gradle/api/internal/cache/DefaultFileContentCacheFactory
instanceKlass org/gradle/execution/TaskNameResolver$FixedTaskSelectionResult
instanceKlass org/gradle/execution/TaskNameResolver$MultiProjectTaskSelectionResult
instanceKlass java/util/AbstractList$1
instanceKlass org/gradle/internal/remote/internal/inet/SocketConnection$1
instanceKlass com/google/common/cache/LocalCache$WriteThroughEntry
instanceKlass com/google/common/cache/LocalCache$HashIterator
instanceKlass org/gradle/internal/work/DefaultWorkerLeaseService$1
instanceKlass com/google/protobuf/SmallSortedMap$EntryIterator
instanceKlass com/google/protobuf/GeneratedMessageV3$ExtendableMessage$ExtensionWriter
instanceKlass org/gradle/workers/internal/WorkerDaemonClientsManager$StopSessionScopedWorkers$1
instanceKlass com/android/tools/analytics/JournalingUsageTracker$1
instanceKlass com/google/protobuf/ByteString$CodedBuilder
instanceKlass com/google/wireless/android/play/playlog/proto/ClientAnalytics$LogEventKeyValuesOrBuilder
instanceKlass com/google/wireless/android/play/playlog/proto/ClientAnalytics$NetworkConnectionInfoOrBuilder
instanceKlass com/google/wireless/android/play/playlog/proto/ClientAnalytics$ActiveExperimentsOrBuilder
instanceKlass com/google/wireless/android/play/playlog/proto/ClientAnalytics$AppUsage1pLogEventOrBuilder
instanceKlass com/google/wireless/android/play/playlog/proto/ClientAnalytics$ExperimentIdsOrBuilder
instanceKlass com/google/wireless/android/play/playlog/proto/ClientAnalytics$LogEventOrBuilder
instanceKlass com/google/wireless/android/sdk/stats/AndroidStudioEvent$EventKind$1
instanceKlass com/google/wireless/android/sdk/stats/AndroidStudioEvent$EventCategory$1
instanceKlass com/google/wireless/android/sdk/stats/UIActionStatsOrBuilder
instanceKlass com/google/wireless/android/sdk/stats/ApkAnalyzerStatsOrBuilder
instanceKlass com/google/wireless/android/sdk/stats/MachineDetailsOrBuilder
instanceKlass com/google/wireless/android/sdk/stats/LayoutEditorEventOrBuilder
instanceKlass com/google/wireless/android/sdk/stats/StudioProjectChangeOrBuilder
instanceKlass com/google/wireless/android/sdk/stats/JvmDetailsOrBuilder
instanceKlass com/google/wireless/android/sdk/stats/GradleSyncStatsOrBuilder
instanceKlass com/google/wireless/android/sdk/stats/ApkDebugProjectOrBuilder
instanceKlass com/google/wireless/android/sdk/stats/LayoutInspectorEventOrBuilder
instanceKlass com/google/wireless/android/sdk/stats/TestRecorderDetailsOrBuilder
instanceKlass com/google/wireless/android/sdk/stats/KotlinSupportOrBuilder
instanceKlass com/google/wireless/android/sdk/stats/LldbPerformanceStatsOrBuilder
instanceKlass com/google/wireless/android/sdk/stats/AndroidProfilerEventOrBuilder
instanceKlass com/google/wireless/android/sdk/stats/AdbAssistantStatsOrBuilder
instanceKlass com/google/wireless/android/sdk/stats/HypervisorOrBuilder
instanceKlass com/google/wireless/android/sdk/stats/InstantRunOrBuilder
instanceKlass com/google/wireless/android/sdk/stats/StudioCrashOrBuilder
instanceKlass com/google/wireless/android/sdk/stats/LLDBFrontendDetailsOrBuilder
instanceKlass com/google/wireless/android/sdk/stats/EmulatorDetailsOrBuilder
instanceKlass com/google/wireless/android/sdk/stats/EmulatorUiEventOrBuilder
instanceKlass com/google/wireless/android/sdk/stats/GradleBuildDetailsOrBuilder
instanceKlass com/google/wireless/android/sdk/stats/ProductDetailsOrBuilder
instanceKlass com/google/wireless/android/sdk/stats/TestRunOrBuilder
instanceKlass com/google/wireless/android/sdk/stats/FirebaseErrorDetailsOrBuilder
instanceKlass com/google/wireless/android/sdk/stats/DeviceInfoOrBuilder
instanceKlass com/google/wireless/android/sdk/stats/EmulatorHostOrBuilder
instanceKlass com/google/wireless/android/sdk/stats/MetaMetricsOrBuilder
instanceKlass com/google/wireless/android/sdk/stats/GfxTracingDetailsOrBuilder
instanceKlass com/google/wireless/android/sdk/stats/EmulatorPerformanceStatsOrBuilder
instanceKlass com/google/wireless/android/sdk/stats/LldbSessionEndDetailsOrBuilder
instanceKlass com/google/wireless/android/sdk/stats/AndroidProfilerDbStatsOrBuilder
instanceKlass com/google/wireless/android/sdk/stats/LldbSessionStartDetailsOrBuilder
instanceKlass com/google/wireless/android/sdk/stats/AppLinksAssistantEventOrBuilder
instanceKlass com/google/wireless/android/sdk/stats/FirebaseContextDetailsOrBuilder
instanceKlass com/google/wireless/android/sdk/stats/StudioPerformanceStatsOrBuilder
instanceKlass com/google/wireless/android/sdk/stats/AndroidStudioEventOrBuilder
instanceKlass com/android/builder/profile/ChromeTracingProfileConverter$2
instanceKlass com/google/protobuf/TextFormatEscaper$1
instanceKlass com/google/protobuf/TextFormatEscaper$ByteSequence
instanceKlass com/google/protobuf/TextFormatEscaper
instanceKlass com/google/protobuf/TextFormat$1
instanceKlass com/google/protobuf/GeneratedMessageV3$FieldAccessorTable$RepeatedFieldAccessor
instanceKlass com/google/protobuf/GeneratedMessageV3$FieldAccessorTable$SingularFieldAccessor
instanceKlass com/google/protobuf/GeneratedMessageV3$FieldAccessorTable$OneofAccessor
instanceKlass com/google/protobuf/GeneratedMessageV3$FieldAccessorTable$FieldAccessor
instanceKlass com/google/protobuf/GeneratedMessageV3$FieldAccessorTable
instanceKlass com/google/protobuf/Descriptors$1
instanceKlass com/google/protobuf/Descriptors$DescriptorPool$DescriptorIntPair
instanceKlass com/google/protobuf/Descriptors$OneofDescriptor
instanceKlass com/google/protobuf/Descriptors
instanceKlass com/google/protobuf/Descriptors$DescriptorPool
instanceKlass com/google/protobuf/SmallSortedMap$EmptySet$2
instanceKlass com/google/protobuf/SmallSortedMap$EmptySet$1
instanceKlass com/google/protobuf/SmallSortedMap$EmptySet
instanceKlass com/google/protobuf/LazyFieldLite
instanceKlass com/google/protobuf/FieldSet
instanceKlass com/google/protobuf/DescriptorProtos$EnumValueOptionsOrBuilder
instanceKlass com/google/protobuf/DescriptorProtos$EnumValueDescriptorProtoOrBuilder
instanceKlass com/google/protobuf/DescriptorProtos$EnumOptionsOrBuilder
instanceKlass com/google/protobuf/DescriptorProtos$EnumDescriptorProtoOrBuilder
instanceKlass com/google/protobuf/DescriptorProtos$FieldDescriptorProto$Type$1
instanceKlass com/google/protobuf/DescriptorProtos$FieldDescriptorProto$Label$1
instanceKlass com/google/protobuf/DescriptorProtos$FieldOptionsOrBuilder
instanceKlass com/google/protobuf/DescriptorProtos$FieldDescriptorProtoOrBuilder
instanceKlass com/google/protobuf/DescriptorProtos$MessageOptionsOrBuilder
instanceKlass com/google/protobuf/DescriptorProtos$DescriptorProtoOrBuilder
instanceKlass com/google/protobuf/DescriptorProtos$SourceCodeInfoOrBuilder
instanceKlass com/google/protobuf/DescriptorProtos$FileOptionsOrBuilder
instanceKlass com/google/protobuf/GeneratedMessageV3$ExtendableMessageOrBuilder
instanceKlass com/google/protobuf/DescriptorProtos$FileDescriptorProtoOrBuilder
instanceKlass com/google/wireless/android/sdk/stats/AndroidStudioStats$1
instanceKlass com/google/protobuf/Descriptors$FileDescriptor$InternalDescriptorAssigner
instanceKlass com/google/wireless/android/sdk/stats/AndroidStudioStats
instanceKlass com/google/protobuf/TextFormat$TextGenerator
instanceKlass com/google/protobuf/TextFormat$Parser$Builder
instanceKlass com/google/protobuf/TextFormat$Parser
instanceKlass com/google/protobuf/TextFormat$Printer
instanceKlass com/google/protobuf/TextFormat
instanceKlass com/android/builder/profile/ChromeTracingProfileConverter$ProjectHolder$$Lambda$268
instanceKlass com/android/builder/profile/ChromeTracingProfileConverter$$Lambda$267
instanceKlass com/android/builder/profile/ChromeTracingProfileConverter$ProjectHolder
instanceKlass com/android/builder/profile/ChromeTracingProfileConverter$$Lambda$266
instanceKlass com/google/protobuf/ByteString$ArraysByteArrayCopier
instanceKlass com/google/protobuf/Internal
instanceKlass com/google/protobuf/ByteString$ByteIterator
instanceKlass com/google/protobuf/ByteString$ByteArrayCopier
instanceKlass com/google/protobuf/ByteString
instanceKlass com/google/protobuf/UnknownFieldSet$Builder
instanceKlass com/google/protobuf/CodedInputStream
instanceKlass com/android/builder/profile/ChromeTracingProfileConverter
instanceKlass com/google/protobuf/Utf8$Processor
instanceKlass com/google/protobuf/Utf8
instanceKlass com/google/protobuf/WireFormat
instanceKlass com/google/protobuf/UnsafeUtil$1
instanceKlass com/google/protobuf/UnsafeUtil
instanceKlass com/google/protobuf/ByteOutput
instanceKlass com/google/common/cache/LocalCache$WriteThroughEntry
instanceKlass com/google/common/cache/LocalCache$HashIterator
instanceKlass java/time/LocalTime$1
instanceKlass java/time/format/DateTimeFormatterBuilder$3
instanceKlass java/time/Month$1
instanceKlass java/time/temporal/WeekFields$ComputedDayOfField
instanceKlass java/time/temporal/WeekFields
instanceKlass java/time/format/DateTimePrintContext
instanceKlass java/time/zone/ZoneOffsetTransitionRule$1
instanceKlass java/time/temporal/TemporalAdjusters$$Lambda$265
instanceKlass java/lang/invoke/LambdaForm$DMH
instanceKlass java/time/temporal/TemporalAdjusters
instanceKlass java/time/zone/ZoneOffsetTransition
instanceKlass java/time/zone/Ser
instanceKlass java/time/zone/ZoneRulesProvider$1
instanceKlass java/time/zone/ZoneRulesProvider
instanceKlass java/time/Clock
instanceKlass org/gradle/cache/internal/DefaultMultiProcessSafePersistentIndexedCache$4
instanceKlass org/apache/tools/ant/IntrospectionHelper$AttributeSetter
instanceKlass org/apache/tools/ant/IntrospectionHelper$NestedCreator
instanceKlass org/apache/tools/ant/IntrospectionHelper
instanceKlass com/android/dx/rop/type/Type
instanceKlass com/android/dx/rop/cst/Constant
instanceKlass com/android/dx/rop/code/RegisterSpec$ForComparison
instanceKlass com/android/dx/rop/code/RegisterSpec
instanceKlass com/android/dx/rop/type/TypeBearer
instanceKlass com/android/dx/util/ToHuman
instanceKlass com/android/dx/rop/type/Prototype
instanceKlass com/android/dx/cf/direct/ClassPathOpener$Consumer
instanceKlass com/android/dx/cf/direct/ClassPathOpener$FileNameFilter
instanceKlass com/android/dx/cf/direct/AttributeFactory
instanceKlass com/android/dx/command/dexer/Main
instanceKlass com/android/builder/internal/compiler/PreProcessCache$Key
instanceKlass com/android/builder/internal/compiler/PreProcessCache$BaseItem
instanceKlass com/android/builder/internal/compiler/PreProcessCache
instanceKlass com/android/build/gradle/BasePlugin$1$$Lambda$264
instanceKlass com/android/ide/common/util/JvmWideVariable$$Lambda$263
instanceKlass com/android/ide/common/util/JvmWideVariable$$Lambda$262
instanceKlass com/android/ide/common/internal/ExecutorSingleton$$Lambda$261
instanceKlass com/android/ide/common/util/JvmWideVariable$$Lambda$260
instanceKlass com/android/ide/common/internal/ExecutorSingleton
instanceKlass com/android/build/gradle/internal/BuildSessionImpl$$Lambda$259
instanceKlass java/lang/invoke/LambdaForm$DMH
instanceKlass org/gradle/internal/logging/text/AbstractStyledTextOutput$StyleOverrideTextOutput
instanceKlass org/gradle/execution/taskgraph/DefaultTaskExecutionPlan$7
instanceKlass org/gradle/execution/taskgraph/DefaultTaskExecutionPlan$12
instanceKlass org/gradle/execution/taskgraph/DefaultTaskExecutionPlan$11
instanceKlass com/android/tools/build/gradle/internal/profile/GradleTaskExecutionType$1
instanceKlass org/gradle/api/internal/tasks/execution/statistics/TaskExecutionStatisticsEventAdapter$1
instanceKlass org/gradle/cache/internal/btree/BTreePersistentIndexedCache$DataBlockUpdateResult
instanceKlass org/gradle/api/execution/internal/ExecuteTaskBuildOperationResult
instanceKlass org/gradle/internal/execution/ExecuteTaskBuildOperationType$Result
instanceKlass org/gradle/cache/internal/DefaultMultiProcessSafePersistentIndexedCache$3
instanceKlass org/gradle/cache/internal/AsyncCacheAccessDecoratedCache$3
instanceKlass com/google/common/cache/RemovalNotification
instanceKlass org/gradle/cache/internal/DefaultMultiProcessSafePersistentIndexedCache$2
instanceKlass org/gradle/cache/internal/AsyncCacheAccessDecoratedCache$2
instanceKlass com/google/common/collect/Maps$10
instanceKlass org/gradle/api/internal/changedetection/rules/OutputFilesTaskStateChanges$1
instanceKlass org/gradle/api/tasks/diagnostics/internal/text/DefaultTextReportBuilder
instanceKlass org/gradle/api/tasks/diagnostics/internal/ReportGenerator
instanceKlass org/gradle/api/tasks/diagnostics/AbstractReportTask$2
instanceKlass org/gradle/api/internal/tasks/execution/ExecuteActionsTaskExecuter$1
instanceKlass org/gradle/internal/logging/compatbridge/LoggingManagerInternalCompatibilityBridge
instanceKlass org/gradle/api/internal/changedetection/rules/SummaryTaskStateChanges
instanceKlass org/gradle/api/internal/changedetection/rules/DiscoveredInputsTaskStateChanges
instanceKlass org/gradle/api/internal/changedetection/rules/ErrorHandlingTaskStateChanges
instanceKlass org/gradle/api/internal/changedetection/rules/CachingTaskStateChanges
instanceKlass org/gradle/api/internal/OverlappingOutputs
instanceKlass com/google/common/collect/SortedLists
instanceKlass org/gradle/util/ChangeListener
instanceKlass org/gradle/api/internal/changedetection/rules/AbstractNamedFileSnapshotTaskStateChanges
instanceKlass org/gradle/api/internal/changedetection/rules/DescriptiveChange
instanceKlass org/gradle/api/internal/changedetection/rules/TaskStateChange
instanceKlass org/gradle/api/internal/changedetection/rules/PreviousSuccessTaskStateChanges
instanceKlass org/gradle/api/internal/changedetection/rules/SimpleTaskStateChanges
instanceKlass org/gradle/api/internal/changedetection/rules/DiscoveredInputsListener
instanceKlass org/gradle/api/internal/changedetection/rules/TaskStateChanges
instanceKlass org/gradle/api/internal/changedetection/rules/TaskUpToDateState
instanceKlass org/gradle/api/internal/changedetection/changes/ShortCircuitTaskArtifactStateRepository$RerunTaskArtifactState
instanceKlass org/gradle/api/internal/changedetection/state/CacheBackedTaskHistoryRepository$1
instanceKlass org/gradle/api/internal/changedetection/state/CacheBackedTaskHistoryRepository$3
instanceKlass org/gradle/api/internal/changedetection/state/CacheBackedTaskHistoryRepository$2
instanceKlass org/gradle/api/internal/changedetection/state/TaskExecution
instanceKlass org/gradle/api/internal/changedetection/state/TaskExecutionSnapshot
instanceKlass org/gradle/api/internal/changedetection/state/ImplementationSnapshot
instanceKlass org/gradle/cache/internal/btree/FreeListBlockStore$FreeListEntry
instanceKlass org/gradle/api/internal/changedetection/changes/DefaultTaskArtifactStateRepository$TaskArtifactStateImpl
instanceKlass org/gradle/api/internal/TaskExecutionHistory
instanceKlass org/gradle/api/internal/tasks/execution/DefaultTaskExecutionContext
instanceKlass org/gradle/internal/logging/events/StyledTextOutputEvent$Span
instanceKlass org/gradle/api/execution/internal/ExecuteTaskBuildOperationDetails
instanceKlass org/gradle/internal/execution/ExecuteTaskBuildOperationType$Details
instanceKlass org/gradle/execution/taskgraph/DefaultTaskGraphExecuter$EventFiringTaskWorker$1
instanceKlass org/gradle/api/internal/project/taskfactory/TaskPropertyInfo$5
instanceKlass org/gradle/api/internal/project/taskfactory/TaskPropertyInfo$4
instanceKlass org/gradle/api/internal/tasks/DefaultTaskOutputs$5
instanceKlass org/gradle/api/internal/tasks/TaskPropertyUtils
instanceKlass org/gradle/execution/taskgraph/DefaultTaskExecutionPlan$10
instanceKlass org/gradle/execution/taskgraph/DefaultTaskExecutionPlan$9
instanceKlass org/gradle/execution/taskgraph/DefaultTaskExecutionPlan$8
instanceKlass org/gradle/execution/taskgraph/DefaultTaskPlanExecutor$TaskExecutorWorker$1
instanceKlass org/gradle/execution/taskgraph/DefaultTaskPlanExecutor$TaskExecutorWorker
instanceKlass org/gradle/api/internal/tasks/execution/CatchExceptionTaskExecuter
instanceKlass org/gradle/api/internal/tasks/execution/ExecuteAtMostOnceTaskExecuter
instanceKlass org/gradle/api/internal/tasks/execution/SkipOnlyIfTaskExecuter
instanceKlass org/gradle/api/internal/tasks/execution/SkipTaskWithNoActionsExecuter
instanceKlass org/gradle/api/internal/tasks/execution/ResolveTaskArtifactStateTaskExecuter
instanceKlass org/gradle/api/internal/tasks/execution/SkipEmptySourceFilesTaskExecuter
instanceKlass org/gradle/api/internal/tasks/execution/ValidatingTaskExecuter
instanceKlass org/gradle/api/internal/tasks/execution/SkipUpToDateTaskExecuter
instanceKlass org/gradle/api/execution/TaskActionListener
instanceKlass org/gradle/caching/internal/tasks/BuildCacheTaskServices$1
instanceKlass org/gradle/caching/internal/controller/NoOpBuildCacheController
instanceKlass org/gradle/caching/internal/controller/BuildCacheControllerFactory$ResultImpl
instanceKlass org/gradle/caching/internal/FinalizeBuildCacheConfigurationBuildOperationType$Result
instanceKlass org/gradle/caching/internal/controller/BuildCacheControllerFactory$DetailsImpl
instanceKlass org/gradle/caching/internal/FinalizeBuildCacheConfigurationBuildOperationType$Details
instanceKlass org/gradle/caching/internal/FinalizeBuildCacheConfigurationBuildOperationType$Result$BuildCacheDescription
instanceKlass org/gradle/caching/internal/controller/BuildCacheControllerFactory$1
instanceKlass org/gradle/caching/BuildCacheServiceFactory$Describer
instanceKlass org/gradle/caching/internal/controller/BuildCacheControllerFactory
instanceKlass org/gradle/caching/internal/controller/BuildCacheStoreCommand
instanceKlass org/gradle/caching/internal/controller/BuildCacheLoadCommand
instanceKlass org/gradle/caching/internal/tasks/origin/TaskOutputOriginReader
instanceKlass org/gradle/caching/internal/tasks/origin/TaskOutputOriginWriter
instanceKlass java/nio/file/FileVisitor
instanceKlass org/gradle/api/internal/file/collections/jdk7/Jdk7DirectoryWalker
instanceKlass org/gradle/api/internal/file/collections/DirectoryWalker
instanceKlass org/gradle/api/internal/file/collections/DefaultDirectoryWalkerFactory
instanceKlass org/gradle/caching/internal/tasks/TarTaskOutputPacker
instanceKlass org/gradle/caching/internal/tasks/GZipTaskOutputPacker
instanceKlass org/gradle/api/internal/changedetection/changes/DefaultTaskArtifactStateRepository
instanceKlass org/gradle/api/internal/changedetection/TaskArtifactState
instanceKlass org/gradle/api/internal/changedetection/changes/ShortCircuitTaskArtifactStateRepository
instanceKlass org/gradle/api/internal/changedetection/state/InputPropertiesSerializer
instanceKlass org/gradle/api/internal/changedetection/state/CacheBackedFileSnapshotRepository
instanceKlass org/gradle/api/internal/changedetection/state/TaskHistoryRepository$History
instanceKlass org/gradle/api/internal/changedetection/state/CacheBackedTaskHistoryRepository
instanceKlass org/gradle/api/internal/changedetection/state/MissingFileContentSnapshot
instanceKlass org/gradle/api/internal/changedetection/state/DirContentSnapshot
instanceKlass com/google/common/io/BaseEncoding$StandardBaseEncoding$1
instanceKlass com/google/common/io/GwtWorkarounds$6
instanceKlass com/google/common/io/GwtWorkarounds
instanceKlass org/gradle/internal/id/UniqueId$1
instanceKlass com/google/common/base/Ascii
instanceKlass com/google/common/io/GwtWorkarounds$ByteInput
instanceKlass com/google/common/io/GwtWorkarounds$ByteOutput
instanceKlass com/google/common/io/GwtWorkarounds$CharOutput
instanceKlass com/google/common/io/GwtWorkarounds$CharInput
instanceKlass com/google/common/io/BaseEncoding
instanceKlass org/gradle/internal/id/UniqueId
instanceKlass org/gradle/caching/internal/tasks/TaskOutputCachingBuildCacheKeyBuilder
instanceKlass org/gradle/api/internal/changedetection/state/DefaultFileCollectionSnapshotterRegistry$1
instanceKlass org/gradle/api/internal/changedetection/state/DefaultFileCollectionSnapshotterRegistry
instanceKlass org/gradle/api/internal/changedetection/state/AbiExtractingClasspathResourceHasher
instanceKlass org/gradle/api/internal/changedetection/state/DefaultTaskHistoryStore
instanceKlass org/gradle/caching/configuration/internal/DefaultBuildCacheConfiguration
instanceKlass org/gradle/caching/local/internal/DirectoryBuildCacheServiceFactory
instanceKlass org/gradle/execution/taskgraph/DefaultTaskGraphExecuter$EventFiringTaskWorker
instanceKlass org/gradle/api/plugins/JavaBasePlugin$12$1
instanceKlass org/gradle/execution/SelectedTaskExecutionAction$BindAllReferencesOfProjectsToExecuteListener
instanceKlass org/gradle/execution/DefaultBuildExecuter$1
instanceKlass org/gradle/initialization/DefaultGradleLauncher$ExecuteTasks
instanceKlass org/gradle/initialization/DefaultGradleLauncher$CalculateTaskGraph$1
instanceKlass org/gradle/internal/taskgraph/CalculateTaskGraphBuildOperationType$Result
instanceKlass org/gradle/execution/taskgraph/DefaultTaskExecutionPlan$TaskMutationInfo
instanceKlass org/gradle/internal/work/DefaultWorkerLeaseService$ProjectLockRegistry$1
instanceKlass org/gradle/execution/taskgraph/DefaultTaskExecutionPlan$2
instanceKlass org/gradle/execution/taskgraph/DefaultTaskExecutionPlan$TaskInfoInVisitingSegment
instanceKlass org/gradle/execution/taskgraph/DefaultTaskExecutionPlan$1
instanceKlass org/gradle/execution/taskgraph/DefaultTaskGraphExecuter$4
instanceKlass org/gradle/api/internal/file/collections/BuildDependenciesOnlyFileCollectionResolveContext
instanceKlass org/gradle/internal/graph/CachingDirectedGraphWalker$NodeDetails
instanceKlass org/gradle/internal/graph/CachingDirectedGraphWalker$GraphWithEmpyEdges
instanceKlass org/gradle/api/internal/tasks/CachingTaskDependencyResolveContext$TaskGraphImpl
instanceKlass org/gradle/internal/graph/CachingDirectedGraphWalker
instanceKlass org/gradle/api/internal/tasks/CachingTaskDependencyResolveContext
instanceKlass org/gradle/composite/internal/IncludedBuildTaskResource
instanceKlass org/gradle/execution/TaskSelector$TaskSelection
instanceKlass org/gradle/execution/TaskNameResolver$1
instanceKlass org/gradle/model/internal/core/NodeBackedModelMap$9
instanceKlass org/gradle/model/internal/core/DefaultModelViewState$1
instanceKlass org/gradle/model/internal/core/DeferredModelAction
instanceKlass org/gradle/model/internal/core/DefaultModelViewState
instanceKlass org/gradle/model/internal/core/NodeBackedModelMap$2
instanceKlass org/gradle/model/internal/manage/schema/extract/FactoryBasedStructNodeInitializerExtractionStrategy
instanceKlass org/gradle/platform/base/internal/BinaryBuildAbility
instanceKlass org/gradle/api/artifacts/component/LibraryBinaryIdentifier
instanceKlass org/gradle/model/internal/typeregistration/BaseInstanceFactory$InternalViewRegistration
instanceKlass org/gradle/model/internal/typeregistration/BaseInstanceFactory$ImplementationRegistration
instanceKlass org/gradle/platform/base/component/internal/DefaultComponentSpec$ComponentInfo
instanceKlass org/gradle/model/internal/typeregistration/BaseInstanceFactory$TypeRegistrationBuilderImpl
instanceKlass org/gradle/model/internal/typeregistration/BaseInstanceFactory$TypeRegistration
instanceKlass org/gradle/platform/base/internal/registry/DefaultTypeBuilder
instanceKlass org/gradle/platform/base/component/internal/ComponentSpecFactory$3
instanceKlass org/gradle/language/base/internal/LanguageSourceSetInternal
instanceKlass org/gradle/platform/base/component/internal/ComponentSpecFactory$2
instanceKlass org/gradle/platform/base/component/internal/ComponentSpecFactory$1
instanceKlass org/gradle/platform/base/component/internal/AbstractComponentSpec
instanceKlass org/gradle/platform/base/internal/ComponentSpecInternal
instanceKlass org/gradle/platform/base/internal/ComponentSpecIdentifier
instanceKlass org/gradle/model/internal/typeregistration/BaseInstanceFactory$ImplementationFactory
instanceKlass org/gradle/model/internal/typeregistration/BaseInstanceFactory$TypeRegistrationBuilder
instanceKlass org/gradle/model/internal/typeregistration/InstanceFactory$ImplementationInfo
instanceKlass org/gradle/model/internal/manage/schema/extract/ManagedImplStructNodeInitializerExtractionStrategy
instanceKlass org/gradle/model/internal/manage/schema/extract/CollectionNodeInitializerExtractionSupport
instanceKlass org/gradle/model/internal/core/DefaultNodeInitializerRegistry
instanceKlass org/gradle/model/internal/inspect/DefaultModelRuleInvoker
instanceKlass org/gradle/model/internal/core/SpecializedModelMapProjection
instanceKlass org/gradle/model/internal/core/ChildNodeInitializerStrategyAccessors$1
instanceKlass org/gradle/execution/taskpath/ResolvedTaskPath
instanceKlass org/gradle/util/NameMatcher
instanceKlass org/gradle/execution/DefaultBuildConfigurationActionExecuter$1
instanceKlass org/gradle/initialization/DefaultGradleLauncher$CalculateTaskGraph$2
instanceKlass org/gradle/internal/taskgraph/CalculateTaskGraphBuildOperationType$Details
instanceKlass org/gradle/initialization/DefaultGradleLauncher$CalculateTaskGraph
instanceKlass org/gradle/cache/internal/filelock/Version1LockStateSerializer$DirtyFlagLockState
instanceKlass org/gradle/internal/cleanup/DefaultBuildOutputCleanupCache$1$1
instanceKlass org/gradle/internal/cleanup/DefaultBuildOutputCleanupCache$1
instanceKlass org/gradle/internal/cleanup/DefaultBuildOutputCleanupCache
instanceKlass org/gradle/internal/cleanup/DefaultBuildOutputCleanupRegistry
instanceKlass org/gradle/internal/cleanup/DefaultBuildOutputDeleter
instanceKlass org/gradle/internal/cleanup/BuildOperationBuildOutputDeleterDecorator
instanceKlass org/gradle/api/internal/tasks/DefaultTaskDestroyables$1
instanceKlass org/gradle/api/internal/project/taskfactory/DestroysPropertyAnnotationHandler$1
instanceKlass org/gradle/configuration/project/ConfigureProjectBuildOperationType$1
instanceKlass org/gradle/configuration/project/ConfigureProjectBuildOperationType$Result
instanceKlass org/gradle/configuration/project/ConfigureProjectBuildOperationType
instanceKlass com/android/build/gradle/internal/variant/BaseVariantData$$Lambda$258
instanceKlass com/android/build/gradle/tasks/LintGlobalTask$GlobalConfigAction$$Lambda$257
instanceKlass com/android/build/gradle/tasks/LintGlobalTask$GlobalConfigAction$$Lambda$256
instanceKlass com/android/build/gradle/internal/TaskManager$$Lambda$255
instanceKlass com/android/build/FilterData
instanceKlass com/android/build/gradle/internal/ApiObjectFactory$$Lambda$254
instanceKlass com/android/build/gradle/internal/scope/OutputScope$$Lambda$253
instanceKlass com/android/build/gradle/internal/api/BaseVariantOutputImpl
instanceKlass com/android/build/gradle/api/ApkVariantOutput
instanceKlass com/android/build/gradle/internal/dsl/VariantOutputFactory
instanceKlass com/android/build/gradle/internal/api/BaseVariantImpl
instanceKlass com/android/build/gradle/internal/ApiObjectFactory
instanceKlass com/android/build/gradle/internal/tasks/SigningReportTask$SigningInfo
instanceKlass com/android/build/gradle/internal/TaskManager$$Lambda$252
instanceKlass com/android/build/gradle/internal/TaskManager$$Lambda$251
instanceKlass com/android/build/gradle/internal/TaskManager$$Lambda$250
instanceKlass com/android/build/gradle/internal/scope/AndroidTask$4
instanceKlass com/android/build/gradle/internal/tasks/DeviceProviderInstrumentTestTask$ConfigAction$$Lambda$249
instanceKlass org/gradle/api/internal/AbstractTask$9
instanceKlass com/android/builder/core/BuilderConstants
instanceKlass com/android/build/gradle/internal/tasks/DeviceProviderInstrumentTestTask$ConfigAction$$Lambda$248
instanceKlass com/android/build/gradle/internal/tasks/DeviceProviderInstrumentTestTask$ConfigAction$$Lambda$247
instanceKlass com/android/ddmlib/IShellEnabledDevice
instanceKlass com/android/builder/testing/BaseTestRunner
instanceKlass com/android/build/gradle/internal/tasks/DeviceProviderInstrumentTestTask$1
instanceKlass org/gradle/api/Nullable
instanceKlass com/android/build/gradle/internal/tasks/DeviceProviderInstrumentTestTask$$Lambda$246
instanceKlass java/lang/invoke/LambdaForm$DMH
instanceKlass com/android/build/gradle/internal/tasks/DeviceProviderInstrumentTestTask$TestRunnerFactory
instanceKlass com/android/build/gradle/internal/tasks/AndroidTestTask
instanceKlass com/android/ddmlib/Log$ILogOutput
instanceKlass com/android/builder/testing/TestRunner
instanceKlass com/android/build/gradle/internal/tasks/DeviceProviderInstrumentTestTask$ConfigAction
instanceKlass com/android/build/gradle/internal/TaskManager$$Lambda$245
instanceKlass com/android/build/gradle/internal/variant/TestVariantData$1
instanceKlass com/android/build/gradle/tasks/ProcessTestManifest$ConfigAction$$Lambda$244
instanceKlass com/android/build/gradle/tasks/ProcessTestManifest$ConfigAction$$Lambda$243
instanceKlass com/android/build/gradle/tasks/ProcessTestManifest$ConfigAction$$Lambda$242
instanceKlass com/android/build/gradle/tasks/ProcessTestManifest$ConfigAction$$Lambda$241
instanceKlass com/android/build/gradle/tasks/ProcessTestManifest$ConfigAction$$Lambda$240
instanceKlass com/android/build/gradle/tasks/ProcessTestManifest$ConfigAction$$Lambda$239
instanceKlass com/android/build/gradle/tasks/ProcessTestManifest$ConfigAction$$Lambda$238
instanceKlass com/android/build/gradle/tasks/ProcessTestManifest$ConfigAction
instanceKlass com/android/build/gradle/internal/tasks/TestPreBuildTask$ConfigAction
instanceKlass com/android/build/gradle/internal/TaskManager$$Lambda$237
instanceKlass com/android/build/gradle/internal/TaskManager$$Lambda$236
instanceKlass com/android/build/gradle/internal/TaskManager$$Lambda$235
instanceKlass com/android/build/gradle/internal/TaskManager$$Lambda$234
instanceKlass com/android/build/gradle/internal/TaskManager$$Lambda$233
instanceKlass org/gradle/api/plugins/JavaBasePlugin$17
instanceKlass org/gradle/api/plugins/JavaBasePlugin$16
instanceKlass org/gradle/api/plugins/JavaBasePlugin$15
instanceKlass org/gradle/api/internal/tasks/testing/filter/DefaultTestFilter
instanceKlass org/gradle/api/reporting/internal/TaskGeneratedReport$1
instanceKlass org/gradle/api/reporting/internal/SimpleReport
instanceKlass org/gradle/api/reporting/internal/DefaultReportContainer$5
instanceKlass org/gradle/api/reporting/Report$1
instanceKlass org/gradle/api/reporting/internal/DefaultReportContainer$4
instanceKlass org/gradle/api/reporting/internal/DefaultReportContainer$3
instanceKlass org/gradle/api/reporting/internal/DefaultReportContainer$2
instanceKlass org/gradle/api/reporting/internal/DefaultReportContainer$1
instanceKlass org/gradle/api/tasks/testing/JUnitXmlReport
instanceKlass org/gradle/api/internal/tasks/testing/logging/DefaultTestLogging
instanceKlass org/gradle/api/internal/tasks/testing/logging/DefaultTestLoggingContainer
instanceKlass org/gradle/process/internal/JvmOptions
instanceKlass org/gradle/process/internal/DefaultProcessForkOptions
instanceKlass org/gradle/process/internal/JavaForkOptionsInternal
instanceKlass org/gradle/api/internal/tasks/testing/results/TestListenerInternal
instanceKlass org/gradle/api/internal/tasks/options/Option
instanceKlass org/gradle/api/tasks/testing/logging/TestLoggingContainer
instanceKlass org/gradle/api/tasks/testing/TestTaskReports
instanceKlass org/gradle/api/tasks/testing/logging/TestLogging
instanceKlass org/gradle/api/tasks/testing/TestFrameworkOptions
instanceKlass org/gradle/api/internal/tasks/testing/junit/report/TestReporter
instanceKlass org/gradle/api/internal/tasks/testing/junit/result/TestResultsProvider
instanceKlass org/gradle/api/internal/tasks/testing/detection/TestExecuter
instanceKlass org/gradle/api/internal/tasks/testing/TestResultProcessor
instanceKlass org/gradle/api/tasks/testing/TestOutputListener
instanceKlass org/gradle/api/internal/tasks/testing/TestFramework
instanceKlass org/gradle/api/reporting/ReportContainer
instanceKlass org/gradle/api/internal/tasks/testing/logging/TestExceptionFormatter
instanceKlass org/gradle/api/reporting/DirectoryReport
instanceKlass org/gradle/api/tasks/testing/TestFilter
instanceKlass org/gradle/api/reporting/ConfigurableReport
instanceKlass org/gradle/api/reporting/Report
instanceKlass com/android/build/gradle/tasks/factory/AndroidUnitTest$ConfigAction
instanceKlass com/android/build/gradle/internal/scope/AndroidTask$3
instanceKlass com/android/build/gradle/internal/TaskManager$$Lambda$232
instanceKlass com/android/build/gradle/internal/TaskManager$$Lambda$231
instanceKlass com/android/build/gradle/tasks/LintBaseTask$BaseConfigAction
instanceKlass com/android/build/gradle/internal/ApplicationTaskManager$$Lambda$230
instanceKlass com/android/build/gradle/internal/TaskManager$$Lambda$229
instanceKlass com/android/build/gradle/internal/tasks/UninstallTask$ConfigAction$$Lambda$228
instanceKlass com/android/build/gradle/internal/tasks/UninstallTask$$Lambda$227
instanceKlass com/android/build/gradle/internal/tasks/UninstallTask$$Lambda$226
instanceKlass com/android/build/gradle/internal/tasks/UninstallTask$ConfigAction
instanceKlass com/android/build/gradle/internal/tasks/InstallVariantTask$ConfigAction$$Lambda$225
instanceKlass com/android/build/gradle/internal/tasks/InstallVariantTask$ConfigAction$$Lambda$224
instanceKlass org/gradle/api/internal/tasks/DefaultTaskInputs$3
instanceKlass com/android/build/gradle/internal/tasks/InstallVariantTask$$Lambda$223
instanceKlass com/android/builder/testing/api/DeviceConfigProvider
instanceKlass com/android/build/gradle/internal/tasks/InstallVariantTask$ConfigAction
instanceKlass com/android/build/gradle/internal/tasks/ValidateSigningTask$ConfigAction
instanceKlass com/android/build/gradle/internal/TaskManager$$Lambda$222
instanceKlass com/android/build/gradle/internal/pipeline/IntermediateStream$$Lambda$221
instanceKlass com/android/build/gradle/internal/pipeline/StreamFilter$$Lambda$220
instanceKlass com/android/build/gradle/internal/pipeline/StreamFilter$$Lambda$219
instanceKlass com/android/build/gradle/internal/pipeline/StreamFilter$$Lambda$218
instanceKlass com/android/build/gradle/internal/pipeline/StreamFilter
instanceKlass com/android/builder/internal/aapt/AaptOptions
instanceKlass com/android/build/gradle/internal/dsl/DslAdaptersKt
instanceKlass com/android/build/gradle/tasks/PackageAndroidArtifact$OutputFileProvider
instanceKlass com/android/builder/files/FileCacheByPath
instanceKlass com/android/build/gradle/tasks/PackageAndroidArtifact$ConfigAction
instanceKlass com/android/build/gradle/internal/scope/DefaultGradlePackagingScope
instanceKlass com/android/build/gradle/internal/ApplicationTaskManager$$Lambda$217
instanceKlass com/android/build/gradle/internal/TaskManager$$Lambda$216
instanceKlass com/android/build/gradle/internal/TaskManager$$Lambda$215
instanceKlass com/android/build/gradle/internal/transforms/DexMergerTransformCallable$Factory
instanceKlass java/lang/invoke/LambdaForm$DMH
instanceKlass com/android/build/gradle/internal/transforms/DexMergerTransformCallable
instanceKlass com/android/ide/common/process/ProcessOutput
instanceKlass com/android/build/gradle/internal/TaskManager$$Lambda$214
instanceKlass java/lang/invoke/LambdaForm$DMH
instanceKlass com/android/build/gradle/internal/transforms/DexArchiveBuilderCacheHandler
instanceKlass java/util/concurrent/ForkJoinPool$1
instanceKlass java/util/concurrent/ForkJoinPool$DefaultForkJoinWorkerThreadFactory
instanceKlass java/util/concurrent/ForkJoinTask
instanceKlass java/util/concurrent/ForkJoinPool$WorkQueue
instanceKlass java/util/concurrent/ForkJoinPool$ForkJoinWorkerThreadFactory
instanceKlass com/android/ide/common/internal/WaitableExecutor
instanceKlass com/android/build/gradle/internal/transforms/MergeJavaResourcesTransform$$Lambda$213
instanceKlass com/android/build/gradle/internal/ApplicationTaskManager$1
instanceKlass com/android/build/gradle/tasks/factory/AbstractCompilesUtil
instanceKlass org/gradle/api/internal/provider/DefaultPropertyState$2
instanceKlass java/util/stream/FindOps$$Lambda$212
instanceKlass java/util/stream/FindOps$FindSink
instanceKlass java/util/stream/FindOps$$Lambda$211
instanceKlass java/lang/invoke/LambdaForm$DMH
instanceKlass java/util/stream/FindOps$FindOp
instanceKlass java/util/stream/FindOps
instanceKlass com/android/builder/core/BootClasspathBuilder$$Lambda$210
instanceKlass com/android/builder/core/BootClasspathBuilder
instanceKlass org/gradle/api/internal/tasks/TaskDependencyResolveContext
instanceKlass com/google/common/collect/CollectCollectors$$Lambda$209
instanceKlass com/google/common/collect/CollectCollectors$$Lambda$208
instanceKlass com/google/common/collect/CollectCollectors$$Lambda$207
instanceKlass com/google/common/collect/CollectCollectors$$Lambda$206
instanceKlass com/google/common/collect/CollectCollectors
instanceKlass com/android/build/gradle/internal/api/DefaultAndroidSourceDirectorySet$$Lambda$205
instanceKlass org/gradle/api/plugins/JavaBasePlugin$8$2
instanceKlass org/gradle/api/plugins/JavaBasePlugin$8$1
instanceKlass org/gradle/api/internal/tasks/compile/CompilerForkUtils$1
instanceKlass org/gradle/api/internal/tasks/compile/CompilerForkUtils
instanceKlass org/gradle/api/internal/provider/DefaultPropertyState$1
instanceKlass org/gradle/api/internal/provider/DefaultPropertyState
instanceKlass org/gradle/api/tasks/compile/AbstractOptions
instanceKlass org/gradle/api/internal/tasks/compile/CleaningJavaCompilerSupport
instanceKlass org/gradle/api/internal/tasks/compile/DefaultJvmLanguageCompileSpec
instanceKlass org/gradle/api/internal/tasks/compile/incremental/cache/CompileCaches
instanceKlass org/gradle/api/internal/tasks/compile/JavaCompileSpec
instanceKlass org/gradle/api/internal/tasks/compile/JvmLanguageCompileSpec
instanceKlass org/gradle/language/base/internal/compile/CompileSpec
instanceKlass com/android/build/gradle/tasks/factory/JavaCompileConfigAction
instanceKlass com/android/build/gradle/internal/dependency/ArtifactCollectionWithExtraArtifact
instanceKlass org/gradle/api/internal/project/taskfactory/ClasspathPropertyAnnotationHandler$1
instanceKlass com/android/build/gradle/tasks/JavaPreCompileTask$ConfigAction
instanceKlass com/android/build/gradle/internal/ApplicationTaskManager$$Lambda$204
instanceKlass com/android/build/gradle/internal/pipeline/TransformStream$1
instanceKlass com/google/common/collect/MultitransformedIterator
instanceKlass com/google/common/collect/TransformedIterator
instanceKlass com/google/common/collect/Iterables$13
instanceKlass com/google/common/base/Optional
instanceKlass com/android/build/gradle/internal/pipeline/TransformTask$ConfigAction$$Lambda$203
instanceKlass org/gradle/api/internal/tasks/DefaultTaskOutputs$9
instanceKlass com/android/build/api/transform/SecondaryFile
instanceKlass com/android/build/api/transform/Context
instanceKlass com/android/build/gradle/internal/pipeline/TransformTask$ConfigAction
instanceKlass com/android/build/gradle/internal/pipeline/IntermediateStream$Builder
instanceKlass com/android/build/api/transform/TransformOutputProvider
instanceKlass com/google/common/base/Predicates$NotPredicate
instanceKlass com/google/common/collect/AbstractIterator$1
instanceKlass com/google/common/base/Predicates$InPredicate
instanceKlass com/google/common/base/Predicates
instanceKlass com/google/common/base/Ascii
instanceKlass java/util/stream/SortedOps
instanceKlass com/android/build/gradle/internal/pipeline/TransformManager$$Lambda$202
instanceKlass com/android/build/gradle/internal/transforms/MergeJavaResourcesTransform$$Lambda$201
instanceKlass com/android/builder/merge/IncrementalFileMergerInput
instanceKlass com/android/builder/merge/IncrementalFileMergerOutput
instanceKlass com/android/builder/merge/OpenableCloseable
instanceKlass com/android/build/gradle/internal/TaskManager$$Lambda$200
instanceKlass com/android/build/gradle/tasks/MergeSourceSetFolders$MergeJniLibFoldersConfigAction$$Lambda$199
instanceKlass com/android/build/gradle/tasks/MergeSourceSetFolders$MergeJniLibFoldersConfigAction$$Lambda$198
instanceKlass com/android/build/gradle/tasks/MergeSourceSetFolders$MergeJniLibFoldersConfigAction$$Lambda$197
instanceKlass com/android/build/gradle/internal/ApplicationTaskManager$$Lambda$196
instanceKlass com/android/build/gradle/tasks/ExternalNativeBuildTaskUtils$ExternalNativeBuildProjectPathResolution
instanceKlass com/android/build/gradle/internal/ApplicationTaskManager$$Lambda$195
instanceKlass com/android/build/gradle/tasks/NdkCompile$ConfigAction$$Lambda$194
instanceKlass com/android/build/gradle/options/NdkLease
instanceKlass com/android/build/gradle/tasks/NdkCompile$ConfigAction
instanceKlass com/android/build/gradle/tasks/ExternalNativeBuildTaskUtils
instanceKlass com/android/build/gradle/internal/ApplicationTaskManager$$Lambda$193
instanceKlass com/google/common/collect/AbstractMapBasedMultimap$KeySet$1
instanceKlass com/android/build/gradle/tasks/ShaderCompile$ConfigAction
instanceKlass com/android/build/gradle/tasks/MergeSourceSetFolders$MergeShaderSourceFoldersConfigAction$$Lambda$192
instanceKlass com/android/build/gradle/tasks/MergeSourceSetFolders$MergeShaderSourceFoldersConfigAction$$Lambda$191
instanceKlass com/android/build/gradle/tasks/MergeSourceSetFolders$MergeShaderSourceFoldersConfigAction$$Lambda$190
instanceKlass com/android/build/gradle/internal/ApplicationTaskManager$$Lambda$189
instanceKlass com/android/build/gradle/tasks/AidlCompile$ConfigAction$$Lambda$188
instanceKlass com/android/build/gradle/tasks/AidlCompile$DepFileProcessor
instanceKlass com/android/builder/internal/incremental/DependencyData
instanceKlass com/android/builder/compiling/DependencyFileProcessor
instanceKlass com/android/build/gradle/tasks/AidlCompile$ConfigAction
instanceKlass com/android/build/gradle/internal/ApplicationTaskManager$$Lambda$187
instanceKlass com/android/build/gradle/internal/pipeline/OriginalStream$Builder$$Lambda$186
instanceKlass com/android/build/gradle/internal/pipeline/OriginalStream$Builder$$Lambda$185
instanceKlass com/android/build/gradle/internal/TaskManager$$Lambda$184
instanceKlass org/gradle/api/internal/file/copy/DelegatingCopySpecInternal
instanceKlass com/android/build/gradle/tasks/factory/ProcessJavaResConfigAction
instanceKlass com/android/manifmerger/PlaceholderHandler
instanceKlass com/android/utils/XmlUtils
instanceKlass com/android/build/gradle/tasks/ProcessAndroidResources$ConfigAction$$Lambda$183
instanceKlass org/gradle/api/internal/project/taskfactory/NestedBeanPropertyAnnotationHandler$1$1
instanceKlass org/gradle/api/internal/project/taskfactory/NestedBeanPropertyAnnotationHandler$1
instanceKlass com/android/build/gradle/tasks/ProcessAndroidResources$$Lambda$182
instanceKlass com/android/ide/common/internal/WaitableExecutor$TaskResult
instanceKlass com/android/build/gradle/internal/scope/SplitList
instanceKlass com/android/build/gradle/tasks/ProcessAndroidResources$ConfigAction
instanceKlass com/android/build/gradle/tasks/SplitsDiscovery$ConfigAction
instanceKlass com/android/build/gradle/internal/TaskManager$$Lambda$181
instanceKlass com/android/build/gradle/internal/ApplicationTaskManager$$Lambda$180
instanceKlass com/android/build/gradle/tasks/GenerateBuildConfig$ConfigAction$$Lambda$179
instanceKlass com/android/build/gradle/tasks/GenerateBuildConfig$ConfigAction$$Lambda$178
instanceKlass com/android/build/gradle/tasks/GenerateBuildConfig$ConfigAction$$Lambda$177
instanceKlass com/android/build/gradle/tasks/GenerateBuildConfig$ConfigAction$$Lambda$176
instanceKlass com/android/build/gradle/tasks/GenerateBuildConfig$ConfigAction$$Lambda$175
instanceKlass com/android/build/gradle/tasks/GenerateBuildConfig$ConfigAction$$Lambda$174
instanceKlass com/android/build/gradle/tasks/GenerateBuildConfig$ConfigAction$$Lambda$173
instanceKlass com/android/build/gradle/tasks/GenerateBuildConfig$ConfigAction$$Lambda$172
instanceKlass com/android/build/gradle/tasks/GenerateBuildConfig$ConfigAction
instanceKlass com/android/build/gradle/internal/ApplicationTaskManager$$Lambda$171
instanceKlass com/android/build/gradle/tasks/MergeSourceSetFolders$MergeAssetConfigAction$$Lambda$170
instanceKlass com/android/build/gradle/tasks/MergeSourceSetFolders$MergeAssetConfigAction$$Lambda$169
instanceKlass com/android/build/gradle/tasks/MergeSourceSetFolders$MergeAssetConfigAction$$Lambda$168
instanceKlass com/android/build/gradle/tasks/MergeSourceSetFolders$AssetWorkAction
instanceKlass com/android/build/gradle/tasks/MergeSourceSetFolders$ConfigAction
instanceKlass com/android/build/gradle/internal/ApplicationTaskManager$$Lambda$167
instanceKlass com/android/builder/profile/Recorder$Block
instanceKlass com/android/build/gradle/tasks/MergeResources$ConfigAction$$Lambda$166
instanceKlass com/android/build/gradle/tasks/MergeResources$ConfigAction$$Lambda$165
instanceKlass com/android/build/gradle/tasks/MergeResources$FileGenerationWorkAction
instanceKlass com/android/build/gradle/tasks/WorkerExecutorAdapter
instanceKlass com/android/ide/common/res2/FileValidity
instanceKlass org/gradle/workers/internal/DaemonForkOptions
instanceKlass org/gradle/workers/internal/ActionExecutionSpec
instanceKlass org/gradle/workers/internal/WorkSpec
instanceKlass org/gradle/workers/WorkerConfiguration
instanceKlass org/gradle/internal/work/AsyncWorkCompletion
instanceKlass org/gradle/workers/internal/DefaultWorkerExecutor
instanceKlass org/gradle/internal/work/DefaultAsyncWorkTracker
instanceKlass org/gradle/api/internal/classloading/NoOpGroovySystemLoader
instanceKlass org/gradle/api/internal/classloading/LeakyOnJava7GroovySystemLoader
instanceKlass org/gradle/api/internal/classloading/GroovySystemLoader
instanceKlass org/gradle/api/internal/classloading/GroovySystemLoaderFactory
instanceKlass com/android/builder/internal/aapt/Aapt
instanceKlass com/android/ide/common/blame/MergingLog
instanceKlass com/android/ide/common/res2/DataSet
instanceKlass com/android/ide/common/res2/DataMap
instanceKlass com/android/ide/common/res2/SourceSet
instanceKlass com/android/ide/common/blame/parser/PatternAwareOutputParser
instanceKlass com/android/ide/common/res2/MergeConsumer
instanceKlass com/android/ide/common/res2/QueueableResourceCompiler
instanceKlass com/android/ide/common/res2/ResourceCompiler
instanceKlass com/android/ide/common/res2/ResourcePreprocessor
instanceKlass com/android/ide/common/workers/WorkerExecutorFacade
instanceKlass com/android/ide/common/res2/SingleFileProcessor
instanceKlass com/android/build/gradle/tasks/MergeResources$ConfigAction
instanceKlass com/android/build/gradle/internal/ApplicationTaskManager$$Lambda$164
instanceKlass com/android/build/gradle/tasks/RenderscriptCompile$ConfigAction$$Lambda$163
instanceKlass com/android/build/gradle/tasks/RenderscriptCompile$ConfigAction$$Lambda$162
instanceKlass java/lang/invoke/LambdaForm$DMH
instanceKlass com/android/build/gradle/tasks/RenderscriptCompile$ConfigAction
instanceKlass com/android/build/gradle/internal/ApplicationTaskManager$$Lambda$161
instanceKlass com/android/build/gradle/tasks/GenerateResValues$ConfigAction$$Lambda$160
instanceKlass com/android/build/gradle/tasks/GenerateResValues$ConfigAction
instanceKlass com/android/build/gradle/internal/ApplicationTaskManager$$Lambda$159
instanceKlass com/android/build/gradle/internal/scope/BuildOutputs
instanceKlass com/android/build/gradle/tasks/MergeManifests$ConfigAction$$Lambda$158
instanceKlass com/android/build/gradle/tasks/MergeManifests$ConfigAction$$Lambda$157
instanceKlass com/android/build/gradle/tasks/MergeManifests$ConfigAction$$Lambda$156
instanceKlass org/gradle/api/internal/project/taskfactory/AnnotationProcessingTaskFactory$1
instanceKlass org/gradle/api/tasks/incremental/IncrementalTaskInputs
instanceKlass org/gradle/api/tasks/incremental/InputFileDetails
instanceKlass com/android/build/gradle/internal/scope/BuildOutput
instanceKlass com/android/build/gradle/tasks/MergeManifests$ConfigAction
instanceKlass com/android/build/gradle/internal/tasks/TaskInputHelper$MemoizedSupplier
instanceKlass com/android/build/gradle/tasks/CompatibleScreensManifest$ConfigAction$$Lambda$155
instanceKlass com/android/build/gradle/tasks/CompatibleScreensManifest$ConfigAction
instanceKlass com/android/build/gradle/internal/ApplicationTaskManager$$Lambda$154
instanceKlass org/gradle/api/internal/artifacts/publish/AbstractPublishArtifact
instanceKlass org/gradle/api/internal/artifacts/dsl/ArtifactFile
instanceKlass com/android/build/gradle/internal/scope/VariantScopeImpl$$Lambda$153
instanceKlass java/lang/invoke/LambdaForm$DMH
instanceKlass org/gradle/api/internal/artifacts/configurations/DefaultVariant
instanceKlass com/android/build/gradle/internal/scope/VariantScopeImpl$$Lambda$152
instanceKlass org/gradle/api/internal/artifacts/configurations/DefaultConfigurationPublications$2
instanceKlass org/gradle/api/artifacts/ConfigurationVariant
instanceKlass java/lang/invoke/LambdaForm$MH
instanceKlass com/android/build/gradle/internal/scope/VariantScopeImpl$$Lambda$151
instanceKlass com/android/build/gradle/internal/tasks/ApplicationId
instanceKlass com/android/build/gradle/internal/tasks/ApplicationIdWriterTask$ConfigAction
instanceKlass com/android/build/gradle/internal/scope/VariantScopeImpl$$Lambda$150
instanceKlass com/android/build/gradle/internal/scope/VariantScopeImpl$$Lambda$149
instanceKlass com/android/build/gradle/internal/scope/VariantScopeImpl$$Lambda$148
instanceKlass com/android/build/gradle/internal/scope/VariantScopeImpl$$Lambda$147
instanceKlass java/lang/invoke/LambdaForm$DMH
instanceKlass com/android/build/gradle/internal/pipeline/OriginalStream$Builder
instanceKlass com/android/build/gradle/internal/pipeline/IncrementalTransformInput
instanceKlass com/android/build/api/transform/TransformInput
instanceKlass com/android/build/api/transform/QualifiedContent
instanceKlass com/android/build/gradle/internal/tasks/CheckManifest$ConfigAction
instanceKlass com/android/build/gradle/internal/scope/AndroidTask$1
instanceKlass com/android/build/gradle/internal/TaskManager$3
instanceKlass com/android/build/gradle/internal/TaskManager$$Lambda$146
instanceKlass com/android/build/gradle/internal/TaskManager$$Lambda$145
instanceKlass com/android/build/gradle/internal/TaskManager$$Lambda$144
instanceKlass com/android/build/gradle/internal/scope/VariantScopeImpl$$Lambda$143
instanceKlass java/lang/invoke/LambdaForm$DMH
instanceKlass com/android/build/gradle/internal/dependency/SubtractingArtifactCollection
instanceKlass com/android/build/gradle/internal/scope/VariantScopeImpl$$Lambda$142
instanceKlass com/android/build/gradle/internal/scope/VariantScopeImpl$TriFunction
instanceKlass java/lang/invoke/LambdaForm$MH
instanceKlass java/lang/invoke/LambdaForm$DMH
instanceKlass java/lang/invoke/LambdaForm$DMH
instanceKlass com/android/build/gradle/internal/scope/VariantScopeImpl$$Lambda$141
instanceKlass java/lang/invoke/LambdaForm$DMH
instanceKlass com/android/build/gradle/internal/scope/VariantScopeImpl$$Lambda$140
instanceKlass com/android/build/gradle/internal/scope/VariantScopeImpl$1
instanceKlass com/android/build/gradle/internal/tasks/AppPreBuildTask$ConfigAction
instanceKlass com/android/build/gradle/internal/ApplicationTaskManager$2
instanceKlass com/android/build/gradle/internal/VariantManager$1
instanceKlass com/android/build/gradle/internal/VariantManager$4
instanceKlass com/android/build/gradle/internal/TaskManager$$Lambda$139
instanceKlass com/android/build/gradle/internal/VariantManager$$Lambda$138
instanceKlass com/android/build/gradle/internal/TaskManager$$Lambda$137
instanceKlass com/android/build/gradle/internal/TaskManager$$Lambda$136
instanceKlass com/android/build/gradle/internal/TaskManager$$Lambda$135
instanceKlass com/android/build/gradle/internal/TaskManager$$Lambda$134
instanceKlass com/android/build/gradle/internal/TaskManager$$Lambda$133
instanceKlass java/lang/invoke/LambdaForm$BMH
instanceKlass com/android/build/gradle/internal/TaskManager$$Lambda$132
instanceKlass kotlin/annotation/MustBeDocumented
instanceKlass kotlin/annotation/Target
instanceKlass kotlin/annotation/Retention
instanceKlass kotlin/Metadata
instanceKlass com/android/build/gradle/internal/tasks/PlatformAttrExtractorTask$ConfigAction
instanceKlass org/gradle/api/internal/tasks/DefaultTaskOutputs$3
instanceKlass com/android/builder/utils/FileCache$Inputs
instanceKlass com/android/build/gradle/internal/tasks/MockableAndroidJarTask$ConfigAction
instanceKlass com/android/build/gradle/internal/VariantManager$$Lambda$131
instanceKlass com/android/build/gradle/internal/VariantDimensionData$1
instanceKlass com/google/wireless/android/sdk/stats/GradleBuildVariant$DexMergerTool$1
instanceKlass com/google/wireless/android/sdk/stats/GradleBuildVariant$DexBuilderTool$1
instanceKlass com/android/build/gradle/internal/profile/AnalyticsUtil$1
instanceKlass com/google/wireless/android/sdk/stats/AnnotationProcessorInfoOrBuilder
instanceKlass com/google/wireless/android/sdk/stats/ApiVersionOrBuilder
instanceKlass com/android/build/gradle/internal/dependency/VariantAttr$Impl
instanceKlass com/android/build/gradle/internal/dependency/VariantAttr
instanceKlass com/android/build/api/attributes/BuildTypeAttr$Impl
instanceKlass java/util/stream/MatchOps$$Lambda$130
instanceKlass java/util/stream/MatchOps$BooleanTerminalSink
instanceKlass java/util/stream/MatchOps$MatchOp
instanceKlass java/util/stream/MatchOps
instanceKlass java/lang/invoke/LambdaForm$MH
instanceKlass java/lang/invoke/LambdaForm$DMH
instanceKlass com/android/build/gradle/internal/ExtraModelInfo$$Lambda$129
instanceKlass com/android/build/gradle/internal/VariantManager$$Lambda$128
instanceKlass com/android/build/api/attributes/ProductFlavorAttr
instanceKlass com/android/build/gradle/internal/VariantManager$$Lambda$127
instanceKlass com/android/build/gradle/internal/dependency/AndroidTypeAttr$Impl
instanceKlass com/android/build/gradle/internal/VariantManager$5
instanceKlass com/android/build/gradle/internal/dependency/VariantDependencies$Builder
instanceKlass com/android/build/gradle/internal/dependency/VariantDependencies
instanceKlass com/android/build/gradle/internal/scope/OutputScope$$Lambda$126
instanceKlass java/util/ArrayList$ArrayListSpliterator
instanceKlass com/android/build/gradle/internal/variant/BaseVariantData$1
instanceKlass com/android/builder/core/VariantConfiguration$$Lambda$125
instanceKlass com/android/builder/core/VariantConfiguration$$Lambda$124
instanceKlass com/android/build/gradle/internal/variant/BaseVariantData$$Lambda$123
instanceKlass org/gradle/api/internal/file/collections/DefaultFileCollectionResolveContext$FileTreeConverter
instanceKlass org/gradle/api/internal/file/collections/DefaultFileCollectionResolveContext$FileCollectionConverter
instanceKlass org/gradle/api/internal/file/collections/DefaultFileCollectionResolveContext$Converter
instanceKlass org/gradle/api/internal/file/collections/DefaultFileCollectionResolveContext
instanceKlass org/gradle/api/internal/file/collections/ResolvableFileCollectionResolveContext
instanceKlass com/android/ide/common/build/ApkData
instanceKlass com/android/build/gradle/internal/scope/OutputFactory
instanceKlass com/google/common/collect/Synchronized$SynchronizedObject
instanceKlass com/google/common/collect/Table
instanceKlass com/google/common/collect/Synchronized
instanceKlass com/google/common/collect/Multimaps
instanceKlass com/android/ide/common/build/ApkInfo
instanceKlass com/android/build/gradle/internal/scope/OutputScope
instanceKlass com/android/build/gradle/internal/incremental/InstantRunBuildContext$Build
instanceKlass com/android/build/gradle/options/DeploymentDevice
instanceKlass android/databinding/tool/util/Preconditions
instanceKlass com/android/build/gradle/internal/incremental/InstantRunBuildContext$$Lambda$122
instanceKlass com/android/build/gradle/internal/incremental/InstantRunBuildContext$BuildIdAllocator
instanceKlass java/lang/invoke/LambdaForm$DMH
instanceKlass com/android/build/gradle/internal/incremental/InstantRunBuildContext
instanceKlass com/android/build/gradle/internal/publishing/VariantPublishingSpec$OutputPublishingSpec
instanceKlass com/android/build/gradle/internal/publishing/VariantPublishingSpec
instanceKlass com/android/build/gradle/internal/pipeline/FilterableStreamCollection
instanceKlass com/android/build/gradle/internal/scope/VariantScope
instanceKlass com/android/build/gradle/internal/core/GradleVariantConfiguration$$Lambda$121
instanceKlass com/android/build/gradle/internal/core/GradleVariantConfiguration$$Lambda$120
instanceKlass com/android/build/gradle/internal/core/GradleVariantConfiguration$$Lambda$119
instanceKlass com/android/build/gradle/internal/core/GradleVariantConfiguration$$Lambda$118
instanceKlass com/android/build/gradle/internal/core/GradleVariantConfiguration$$Lambda$117
instanceKlass com/android/build/gradle/internal/core/GradleVariantConfiguration$$Lambda$116
instanceKlass com/android/build/gradle/internal/core/GradleVariantConfiguration$$Lambda$115
instanceKlass com/android/build/gradle/internal/core/GradleVariantConfiguration$$Lambda$114
instanceKlass com/android/build/gradle/internal/core/GradleVariantConfiguration$$Lambda$113
instanceKlass com/android/build/gradle/internal/core/GradleVariantConfiguration$$Lambda$112
instanceKlass com/android/build/gradle/internal/core/GradleVariantConfiguration$$Lambda$111
instanceKlass com/android/build/gradle/internal/core/GradleVariantConfiguration$$Lambda$110
instanceKlass com/android/build/gradle/internal/core/MergedJavaCompileOptions
instanceKlass com/android/build/gradle/internal/core/MergedExternalNativeCmakeOptions
instanceKlass com/android/build/gradle/internal/core/MergedExternalNativeNdkBuildOptions
instanceKlass com/android/build/gradle/internal/core/MergedExternalNativeBuildOptions
instanceKlass com/android/build/gradle/internal/core/MergedNdkConfig
instanceKlass java/util/OptionalInt
instanceKlass com/android/build/gradle/internal/VariantManager$$Lambda$109
instanceKlass java/lang/invoke/LambdaForm$DMH
instanceKlass com/android/builder/core/DefaultManifestParser
instanceKlass com/android/build/gradle/internal/core/GradleVariantConfiguration$VariantConfigurationBuilder
instanceKlass com/android/build/gradle/TestAndroidConfig
instanceKlass com/android/build/gradle/internal/core/GradleVariantConfiguration$Builder
instanceKlass com/android/builder/core/ManifestAttributeSupplier
instanceKlass com/android/builder/core/VariantConfiguration
instanceKlass com/android/build/gradle/internal/VariantManager$$Lambda$108
instanceKlass com/android/build/gradle/internal/VariantManager$$Lambda$107
instanceKlass com/android/build/gradle/internal/dependency/AlternateDisambiguationRule
instanceKlass com/android/build/gradle/internal/VariantManager$$Lambda$106
instanceKlass com/android/build/gradle/internal/dependency/AlternateCompatibilityRule
instanceKlass com/android/build/api/attributes/BuildTypeAttr
instanceKlass java/util/stream/Collectors$$Lambda$105
instanceKlass java/util/stream/Collectors$$Lambda$104
instanceKlass java/util/stream/Collectors$$Lambda$103
instanceKlass com/android/build/gradle/internal/VariantManager$$Lambda$102
instanceKlass com/android/build/gradle/internal/VariantManager$$Lambda$101
instanceKlass java/lang/invoke/LambdaForm$DMH
instanceKlass com/android/build/gradle/internal/VariantManager$$Lambda$100
instanceKlass com/android/build/gradle/internal/dependency/AndroidTypeAttrDisambRule
instanceKlass com/android/build/gradle/internal/dependency/AndroidTypeAttrCompatRule
instanceKlass com/android/build/gradle/internal/dependency/AndroidTypeAttr
instanceKlass com/android/build/gradle/internal/VariantManager$$Lambda$99
instanceKlass com/android/build/gradle/internal/VariantManager$$Lambda$98
instanceKlass org/gradle/api/internal/changedetection/state/EnumValueSnapshot
instanceKlass com/android/build/gradle/internal/VariantManager$$Lambda$97
instanceKlass com/android/build/gradle/internal/VariantManager$$Lambda$96
instanceKlass java/lang/invoke/LambdaForm$DMH
instanceKlass org/gradle/api/internal/artifacts/transform/ArtifactTransformBackedTransformer
instanceKlass org/gradle/api/internal/changedetection/state/ArrayValueSnapshot
instanceKlass org/gradle/api/internal/changedetection/state/isolation/Isolatable
instanceKlass org/gradle/api/internal/artifacts/transform/DefaultVariantTransformRegistration
instanceKlass org/gradle/api/internal/artifacts/VariantTransformRegistry$Registration
instanceKlass org/gradle/api/artifacts/transform/ArtifactTransform
instanceKlass org/gradle/api/internal/artifacts/transform/DefaultVariantTransformRegistry$RecordingRegistration
instanceKlass com/android/build/gradle/internal/VariantManager$$Lambda$95
instanceKlass com/android/build/gradle/internal/VariantManager$$Lambda$94
instanceKlass java/lang/invoke/LambdaForm$DMH
instanceKlass com/android/build/gradle/BasePlugin$$Lambda$93
instanceKlass com/android/build/gradle/internal/SdkHandler$$Lambda$92
instanceKlass org/gradle/api/internal/plugins/PluginManagerInternal$PluginWithId
instanceKlass com/google/protobuf/Internal$ProtobufList
instanceKlass com/google/wireless/android/sdk/stats/GradleBuildSplits$2
instanceKlass com/google/wireless/android/sdk/stats/GradleBuildSplits$1
instanceKlass com/google/protobuf/Internal$ListAdapter$Converter
instanceKlass com/android/build/gradle/internal/profile/AnalyticsUtil
instanceKlass org/gradle/api/internal/artifacts/configurations/DefaultConfiguration$ConfigurationArtifactCollection
instanceKlass org/gradle/api/internal/artifacts/configurations/DefaultConfiguration$ConfigurationResolvableDependencies$ConfigurationArtifactView
instanceKlass com/android/build/gradle/internal/publishing/AndroidArtifacts
instanceKlass com/android/build/gradle/internal/scope/GlobalScope$$Lambda$91
instanceKlass com/android/build/gradle/internal/scope/GlobalScope$$Lambda$90
instanceKlass com/android/build/gradle/internal/tasks/PrepareLintJar$ConfigAction
instanceKlass com/android/builder/core/DexByteCodeConverter
instanceKlass com/android/builder/sdk/TargetInfo
instanceKlass com/google/common/collect/AbstractMapBasedMultimap$WrappedCollection$WrappedIterator
instanceKlass com/google/common/collect/HashBiMap$Itr
instanceKlass com/android/sdklib/AndroidTargetHash
instanceKlass com/android/sdklib/repository/PackageParserUtils
instanceKlass java/util/stream/ReduceOps$2ReducingSink
instanceKlass java/util/function/BinaryOperator$$Lambda$89
instanceKlass com/android/sdklib/repository/AndroidSdkHandler$$Lambda$88
instanceKlass java/lang/invoke/LambdaForm$DMH
instanceKlass com/android/sdklib/repository/AndroidSdkHandler$$Lambda$87
instanceKlass java/util/TreeMap$TreeMapSpliterator
instanceKlass com/android/sdklib/repository/AndroidSdkHandler$$Lambda$86
instanceKlass com/android/sdklib/repository/AndroidSdkHandler$$Lambda$85
instanceKlass com/android/io/IAbstractFolder
instanceKlass com/android/io/IAbstractResource
instanceKlass com/android/sdklib/internal/project/ProjectProperties
instanceKlass com/android/sdklib/internal/project/IPropertySource
instanceKlass com/android/sdklib/repository/targets/OptionalLibraryImpl
instanceKlass com/google/gson/internal/ConstructorConstructor$8
instanceKlass com/google/common/collect/FluentIterable
instanceKlass com/google/common/io/ByteSink
instanceKlass com/google/common/io/ByteSource
instanceKlass com/google/common/collect/TreeTraverser
instanceKlass com/google/common/io/Files
instanceKlass com/google/gson/internal/$Gson$Types$ParameterizedTypeImpl
instanceKlass com/android/sdklib/repository/targets/PlatformTarget$Library
instanceKlass com/android/sdklib/repository/targets/PlatformTarget
instanceKlass com/android/sdklib/repository/targets/AndroidTargetManager$$Lambda$84
instanceKlass java/util/Comparator$$Lambda$83
instanceKlass java/lang/invoke/LambdaForm$DMH
instanceKlass com/android/sdklib/repository/targets/AndroidTargetManager$$Lambda$82
instanceKlass java/util/Comparator$$Lambda$81
instanceKlass java/lang/invoke/LambdaForm$DMH
instanceKlass com/android/sdklib/repository/targets/AndroidTargetManager$$Lambda$80
instanceKlass com/android/sdklib/AndroidVersion
instanceKlass com/android/sdklib/IAndroidTarget
instanceKlass com/android/sdklib/repository/targets/AndroidTargetManager
instanceKlass com/android/utils/StdLogger
instanceKlass com/android/SdkConstants
instanceKlass com/android/builder/sdk/SdkInfo
instanceKlass com/android/sdklib/repository/AndroidSdkHandler$$Lambda$79
instanceKlass com/android/repository/api/RepoManager$RepoLoadedCallback
instanceKlass com/android/sdklib/repository/legacy/remote/internal/sources/SdkSource
instanceKlass com/android/sdklib/repository/legacy/LegacyRemoteRepoLoader
instanceKlass java/util/concurrent/ConcurrentLinkedQueue$Itr
instanceKlass com/google/common/collect/ComparisonChain
instanceKlass com/google/common/collect/Iterables
instanceKlass java/util/function/Function$$Lambda$78
instanceKlass com/android/repository/impl/meta/RepositoryPackages$$Lambda$77
instanceKlass java/util/HashMap$HashMapSpliterator
instanceKlass org/gradle/process/internal/health/memory/JvmMemoryStatusSnapshot
instanceKlass sun/nio/fs/WindowsChannelFactory$2
instanceKlass com/google/common/hash/Hashing$Md5Holder
instanceKlass com/sun/xml/internal/bind/v2/runtime/unmarshaller/DefaultIDResolver$1
instanceKlass com/sun/xml/internal/bind/DatatypeConverterImpl
instanceKlass javax/xml/bind/DatatypeConverterInterface
instanceKlass com/sun/org/apache/xerces/internal/impl/xpath/regex/RegularExpression$ClosureContext
instanceKlass com/sun/org/apache/xerces/internal/impl/xpath/regex/RegularExpression$ExpressionTarget
instanceKlass com/sun/org/apache/xerces/internal/impl/xpath/regex/RegularExpression$Context
instanceKlass com/sun/org/apache/xerces/internal/impl/xpath/regex/Op
instanceKlass com/sun/org/apache/xerces/internal/impl/xs/AttributePSVImpl
instanceKlass com/sun/org/apache/xerces/internal/xs/AttributePSVI
instanceKlass org/xml/sax/helpers/AttributesImpl
instanceKlass com/sun/org/apache/xerces/internal/impl/Constants$ArrayEnumeration
instanceKlass com/sun/org/apache/xerces/internal/impl/Constants
instanceKlass com/sun/org/apache/xerces/internal/impl/xs/XSDeclarationPool
instanceKlass com/sun/org/apache/xerces/internal/parsers/AbstractSAXParser$LocatorProxy
instanceKlass org/xml/sax/ext/Locator2
instanceKlass com/sun/org/apache/xerces/internal/util/EntityResolverWrapper
instanceKlass com/sun/xml/internal/bind/v2/runtime/unmarshaller/TagName
instanceKlass com/sun/xml/internal/bind/v2/runtime/unmarshaller/SAXConnector
instanceKlass javax/xml/bind/UnmarshallerHandler
instanceKlass com/sun/xml/internal/bind/v2/util/FatalAdapter
instanceKlass com/sun/org/apache/xerces/internal/jaxp/validation/ValidatorHandlerImpl$ResolutionForwarder
instanceKlass org/xml/sax/ext/EntityResolver2
instanceKlass javax/xml/validation/TypeInfoProvider
instanceKlass com/sun/org/apache/xerces/internal/util/AttributesProxy
instanceKlass com/sun/org/apache/xerces/internal/util/SAXLocatorWrapper
instanceKlass com/sun/org/apache/xerces/internal/impl/xs/XMLSchemaValidator$LocalIDKey
instanceKlass com/sun/org/apache/xerces/internal/impl/xs/XMLSchemaValidator$ValueStoreCache
instanceKlass com/sun/org/apache/xerces/internal/util/IntStack
instanceKlass com/sun/org/apache/xerces/internal/impl/xs/identity/XPathMatcher
instanceKlass com/sun/org/apache/xerces/internal/impl/xs/XMLSchemaValidator$XPathMatcherStack
instanceKlass com/sun/org/apache/xerces/internal/impl/xs/XSNotationDecl
instanceKlass com/sun/org/apache/xerces/internal/xs/XSNotationDeclaration
instanceKlass com/sun/org/apache/xerces/internal/impl/xs/XMLSchemaValidator$XSIErrorReporter
instanceKlass com/sun/org/apache/xerces/internal/impl/xs/ElementPSVImpl
instanceKlass com/sun/org/apache/xerces/internal/xs/ElementPSVI
instanceKlass com/sun/org/apache/xerces/internal/xs/ItemPSVI
instanceKlass com/sun/org/apache/xerces/internal/impl/xs/XMLSchemaValidator
instanceKlass com/sun/org/apache/xerces/internal/impl/xs/identity/FieldActivator
instanceKlass javax/xml/validation/ValidatorHandler
instanceKlass com/sun/org/apache/xerces/internal/jaxp/validation/ValidatorHelper
instanceKlass com/sun/org/apache/xerces/internal/impl/validation/EntityState
instanceKlass com/sun/xml/internal/bind/v2/runtime/unmarshaller/ValidatingUnmarshaller
instanceKlass com/sun/org/apache/xerces/internal/parsers/AbstractSAXParser$AttributesProxy
instanceKlass org/xml/sax/ext/Attributes2
instanceKlass org/xml/sax/AttributeList
instanceKlass com/sun/org/apache/xerces/internal/impl/dtd/DTDGrammarBucket
instanceKlass com/sun/org/apache/xerces/internal/impl/dtd/XMLAttributeDecl
instanceKlass com/sun/org/apache/xerces/internal/impl/dtd/XMLSimpleType
instanceKlass com/sun/org/apache/xerces/internal/impl/dtd/XMLElementDecl
instanceKlass com/sun/org/apache/xerces/internal/impl/dtd/XMLDTDValidator
instanceKlass com/sun/org/apache/xerces/internal/impl/dtd/XMLDTDValidatorFilter
instanceKlass com/sun/org/apache/xerces/internal/impl/dtd/XMLEntityDecl
instanceKlass com/sun/org/apache/xerces/internal/impl/dtd/XMLDTDProcessor
instanceKlass com/sun/org/apache/xerces/internal/xni/parser/XMLDTDContentModelFilter
instanceKlass com/sun/org/apache/xerces/internal/xni/parser/XMLDTDFilter
instanceKlass com/sun/org/apache/xerces/internal/parsers/XML11Configurable
instanceKlass com/sun/org/apache/xerces/internal/parsers/XMLParser
instanceKlass org/xml/sax/Parser
instanceKlass javax/xml/parsers/SAXParser
instanceKlass com/sun/org/apache/xerces/internal/xs/PSVIProvider
instanceKlass com/sun/org/apache/xerces/internal/jaxp/JAXPConstants
instanceKlass javax/xml/parsers/SecuritySupport$1
instanceKlass javax/xml/parsers/FactoryFinder$1
instanceKlass javax/xml/parsers/SecuritySupport$5
instanceKlass javax/xml/parsers/SecuritySupport$2
instanceKlass javax/xml/parsers/SecuritySupport
instanceKlass javax/xml/parsers/FactoryFinder
instanceKlass javax/xml/parsers/SAXParserFactory
instanceKlass org/xml/sax/helpers/XMLFilterImpl
instanceKlass org/xml/sax/InputSource
instanceKlass javax/xml/transform/sax/SAXSource
instanceKlass java/lang/invoke/LambdaForm$MH
instanceKlass com/android/repository/impl/meta/SchemaModuleUtil$$Lambda$76
instanceKlass java/lang/invoke/LambdaForm$DMH
instanceKlass javax/xml/bind/ValidationEvent
instanceKlass com/sun/xml/internal/bind/v2/runtime/unmarshaller/UnmarshallingContext$State
instanceKlass com/sun/xml/internal/bind/v2/runtime/unmarshaller/Scope
instanceKlass com/sun/xml/internal/bind/v2/runtime/unmarshaller/LocatorExWrapper
instanceKlass com/sun/xml/internal/bind/v2/runtime/unmarshaller/LocatorEx
instanceKlass org/xml/sax/helpers/LocatorImpl
instanceKlass com/sun/xml/internal/bind/v2/runtime/Coordinator
instanceKlass com/sun/xml/internal/bind/v2/runtime/unmarshaller/XmlVisitor$TextPredictor
instanceKlass com/sun/xml/internal/bind/v2/runtime/unmarshaller/XmlVisitor
instanceKlass javax/xml/namespace/NamespaceContext
instanceKlass com/sun/xml/internal/bind/IDResolver
instanceKlass javax/xml/bind/helpers/DefaultValidationEventHandler
instanceKlass org/xml/sax/helpers/DefaultHandler
instanceKlass javax/xml/bind/helpers/AbstractUnmarshallerImpl
instanceKlass javax/xml/bind/ValidationEventHandler
instanceKlass com/sun/org/apache/xerces/internal/jaxp/validation/ReadOnlyGrammarPool
instanceKlass javax/xml/validation/Schema
instanceKlass com/sun/org/apache/xerces/internal/jaxp/validation/XSGrammarPoolContainer
instanceKlass com/sun/org/apache/xerces/internal/dom/DOMInputImpl
instanceKlass org/w3c/dom/ls/LSInput
instanceKlass com/sun/org/apache/xerces/internal/impl/xs/models/XSAllCM
instanceKlass com/sun/org/apache/xerces/internal/impl/dtd/models/CMStateSet
instanceKlass com/sun/org/apache/xerces/internal/impl/xs/models/XSDFACM
instanceKlass com/sun/org/apache/xerces/internal/impl/dtd/models/CMNode
instanceKlass com/sun/org/apache/xerces/internal/impl/xs/XSConstraints$1
instanceKlass com/sun/org/apache/xerces/internal/impl/xs/XSConstraints
instanceKlass com/sun/org/apache/xerces/internal/impl/xs/traversers/XSDAbstractTraverser$FacetInfo
instanceKlass com/sun/org/apache/xerces/internal/impl/xs/XSModelGroupImpl
instanceKlass com/sun/org/apache/xerces/internal/xs/XSModelGroup
instanceKlass com/sun/org/apache/xerces/internal/impl/xs/XSAnnotationImpl
instanceKlass com/sun/org/apache/xerces/internal/xs/XSAnnotation
instanceKlass com/sun/org/apache/xerces/internal/impl/xs/XSAttributeUseImpl
instanceKlass com/sun/org/apache/xerces/internal/xs/XSAttributeUse
instanceKlass com/sun/org/apache/xerces/internal/impl/xs/XSAttributeGroupDecl
instanceKlass com/sun/org/apache/xerces/internal/xs/XSAttributeGroupDefinition
instanceKlass com/sun/org/apache/xerces/internal/impl/xs/util/XSObjectListImpl$1
instanceKlass com/sun/org/apache/xerces/internal/xs/XSObjectList
instanceKlass com/sun/org/apache/xerces/internal/xs/datatypes/XSQName
instanceKlass com/sun/org/apache/xerces/internal/impl/xs/opti/NamedNodeMapImpl
instanceKlass com/sun/org/apache/xerces/internal/impl/xs/identity/IdentityConstraint
instanceKlass com/sun/org/apache/xerces/internal/xs/XSIDCDefinition
instanceKlass com/sun/org/apache/xerces/internal/impl/xs/traversers/XSDAbstractParticleTraverser$ParticleArray
instanceKlass com/sun/org/apache/xerces/internal/impl/validation/ValidationState
instanceKlass com/sun/org/apache/xerces/internal/impl/xs/traversers/XSDAbstractTraverser
instanceKlass com/sun/org/apache/xerces/internal/impl/xs/traversers/Container
instanceKlass com/sun/org/apache/xerces/internal/impl/xs/traversers/OneAttr
instanceKlass com/sun/org/apache/xerces/internal/impl/xs/XSAttributeDecl
instanceKlass com/sun/org/apache/xerces/internal/xs/XSAttributeDeclaration
instanceKlass com/sun/org/apache/xerces/internal/impl/xs/XSGroupDecl
instanceKlass com/sun/org/apache/xerces/internal/xs/XSModelGroupDefinition
instanceKlass com/sun/org/apache/xerces/internal/impl/xs/XSComplexTypeDecl
instanceKlass com/sun/org/apache/xerces/internal/xs/XSComplexTypeDefinition
instanceKlass com/sun/org/apache/xerces/internal/impl/xs/SchemaGrammar
instanceKlass com/sun/org/apache/xerces/internal/xs/XSNamespaceItem
instanceKlass com/sun/org/apache/xerces/internal/xni/grammars/XSGrammar
instanceKlass com/sun/org/apache/xerces/internal/impl/xs/util/XInt
instanceKlass com/sun/org/apache/xerces/internal/impl/xs/util/XIntPool
instanceKlass com/sun/org/apache/xerces/internal/impl/xs/traversers/XSAttributeChecker
instanceKlass com/sun/org/apache/xerces/internal/impl/xs/traversers/XSDHandler$XSDKey
instanceKlass com/sun/org/apache/xerces/internal/util/DOMUtil
instanceKlass com/sun/org/apache/xerces/internal/util/NamespaceSupport$Prefixes
instanceKlass com/sun/org/apache/xerces/internal/impl/xs/SchemaSymbols
instanceKlass com/sun/org/apache/xerces/internal/impl/xs/opti/DefaultNode
instanceKlass com/sun/org/apache/xerces/internal/util/XMLSymbols
instanceKlass com/sun/org/apache/xerces/internal/impl/ExternalSubsetResolver
instanceKlass com/sun/xml/internal/stream/Entity
instanceKlass com/sun/xml/internal/stream/util/BufferAllocator
instanceKlass com/sun/xml/internal/stream/util/ThreadLocalBufferAllocator
instanceKlass com/sun/org/apache/xerces/internal/utils/XMLLimitAnalyzer
instanceKlass com/sun/org/apache/xerces/internal/xni/grammars/Grammar
instanceKlass com/sun/org/apache/xerces/internal/impl/xpath/regex/Token
instanceKlass java/util/ResourceBundle$Control$1
instanceKlass com/sun/org/apache/xerces/internal/utils/SecuritySupport$7
instanceKlass com/sun/org/apache/xerces/internal/impl/xpath/regex/RegexParser
instanceKlass com/sun/org/apache/xerces/internal/impl/xpath/regex/REUtil
instanceKlass com/sun/org/apache/xerces/internal/impl/xpath/regex/RegularExpression
instanceKlass com/sun/org/apache/xerces/internal/impl/dv/xs/DecimalDV$XDecimal
instanceKlass com/sun/org/apache/xerces/internal/xs/datatypes/XSDecimal
instanceKlass com/sun/org/apache/xerces/internal/util/XMLChar
instanceKlass com/sun/org/apache/xerces/internal/impl/dv/ValidatedInfo
instanceKlass com/sun/org/apache/xerces/internal/impl/dv/XSFacets
instanceKlass com/sun/org/apache/xerces/internal/impl/dv/xs/XSSimpleTypeDecl$4
instanceKlass com/sun/org/apache/xerces/internal/impl/dv/xs/XSSimpleTypeDecl$1
instanceKlass com/sun/org/apache/xerces/internal/impl/dv/ValidationContext
instanceKlass com/sun/org/apache/xerces/internal/util/URI
instanceKlass com/sun/org/apache/xerces/internal/impl/dv/xs/AbstractDateTimeDV$DateTimeData
instanceKlass com/sun/org/apache/xerces/internal/xs/datatypes/XSDateTime
instanceKlass javax/xml/datatype/DatatypeFactory
instanceKlass com/sun/org/apache/xerces/internal/impl/dv/xs/TypeValidator
instanceKlass com/sun/org/apache/xerces/internal/impl/dv/xs/XSSimpleTypeDecl
instanceKlass com/sun/org/apache/xerces/internal/impl/dv/XSSimpleType
instanceKlass com/sun/org/apache/xerces/internal/xs/XSSimpleTypeDefinition
instanceKlass com/sun/org/apache/xerces/internal/xs/XSTypeDefinition
instanceKlass com/sun/org/apache/xerces/internal/utils/SecuritySupport$3
instanceKlass com/sun/org/apache/xerces/internal/utils/SecuritySupport$2
instanceKlass com/sun/org/apache/xerces/internal/utils/SecuritySupport$1
instanceKlass com/sun/org/apache/xerces/internal/utils/ObjectFactory
instanceKlass com/sun/org/apache/xerces/internal/impl/dv/SchemaDVFactory
instanceKlass com/sun/org/apache/xerces/internal/xni/parser/XMLInputSource
instanceKlass com/sun/org/apache/xerces/internal/util/XMLGrammarPoolImpl$Entry
instanceKlass com/sun/org/apache/xerces/internal/util/XMLGrammarPoolImpl
instanceKlass javax/xml/transform/stream/StreamSource
instanceKlass com/android/repository/impl/meta/SchemaModuleUtil$1
instanceKlass com/sun/org/apache/xerces/internal/utils/XMLSecurityPropertyManager
instanceKlass com/sun/org/apache/xerces/internal/jaxp/validation/XMLSchemaFactory$XMLGrammarPoolWrapper
instanceKlass com/sun/org/apache/xerces/internal/xni/grammars/XMLGrammarPool
instanceKlass com/sun/org/apache/xerces/internal/util/DOMEntityResolverWrapper
instanceKlass com/sun/org/apache/xerces/internal/jaxp/validation/DraconianErrorHandler
instanceKlass com/sun/org/apache/xerces/internal/util/ErrorHandlerWrapper
instanceKlass com/sun/org/apache/xerces/internal/impl/xs/opti/SchemaDOMParser$BooleanStack
instanceKlass com/sun/org/apache/xerces/internal/impl/msg/XMLMessageFormatter
instanceKlass com/sun/org/apache/xerces/internal/impl/XMLVersionDetector
instanceKlass com/sun/org/apache/xerces/internal/impl/validation/ValidationManager
instanceKlass com/sun/org/apache/xerces/internal/impl/dv/dtd/NMTOKENDatatypeValidator
instanceKlass com/sun/org/apache/xerces/internal/impl/dv/dtd/NOTATIONDatatypeValidator
instanceKlass com/sun/org/apache/xerces/internal/impl/dv/dtd/ENTITYDatatypeValidator
instanceKlass com/sun/org/apache/xerces/internal/impl/dv/dtd/ListDatatypeValidator
instanceKlass com/sun/org/apache/xerces/internal/impl/dv/dtd/IDREFDatatypeValidator
instanceKlass com/sun/org/apache/xerces/internal/impl/dv/dtd/IDDatatypeValidator
instanceKlass com/sun/org/apache/xerces/internal/impl/dv/dtd/StringDatatypeValidator
instanceKlass com/sun/org/apache/xerces/internal/impl/dv/DatatypeValidator
instanceKlass com/sun/org/apache/xerces/internal/impl/dv/DTDDVFactory
instanceKlass com/sun/org/apache/xerces/internal/xni/parser/XMLDTDScanner
instanceKlass com/sun/org/apache/xerces/internal/xni/parser/XMLDTDContentModelSource
instanceKlass com/sun/org/apache/xerces/internal/xni/parser/XMLDTDSource
instanceKlass com/sun/org/apache/xerces/internal/xni/grammars/XMLDTDDescription
instanceKlass com/sun/org/apache/xerces/internal/impl/XMLDocumentScannerImpl$TrailingMiscDriver
instanceKlass com/sun/org/apache/xerces/internal/impl/XMLDocumentScannerImpl$PrologDriver
instanceKlass com/sun/org/apache/xerces/internal/impl/XMLDocumentScannerImpl$XMLDeclDriver
instanceKlass com/sun/org/apache/xerces/internal/util/NamespaceSupport
instanceKlass com/sun/org/apache/xerces/internal/xni/NamespaceContext
instanceKlass com/sun/org/apache/xerces/internal/util/XMLAttributesImpl$Attribute
instanceKlass com/sun/org/apache/xerces/internal/util/XMLAttributesImpl
instanceKlass com/sun/org/apache/xerces/internal/xni/XMLAttributes
instanceKlass com/sun/org/apache/xerces/internal/impl/XMLDocumentFragmentScannerImpl$FragmentContentDriver
instanceKlass com/sun/org/apache/xerces/internal/impl/XMLDocumentFragmentScannerImpl$Driver
instanceKlass com/sun/org/apache/xerces/internal/impl/XMLDocumentFragmentScannerImpl$ElementStack2
instanceKlass com/sun/org/apache/xerces/internal/xni/QName
instanceKlass com/sun/org/apache/xerces/internal/impl/XMLDocumentFragmentScannerImpl$ElementStack
instanceKlass com/sun/org/apache/xerces/internal/xni/XMLString
instanceKlass com/sun/org/apache/xerces/internal/impl/XMLScanner
instanceKlass com/sun/xml/internal/stream/XMLBufferListener
instanceKlass com/sun/org/apache/xerces/internal/impl/XMLEntityHandler
instanceKlass com/sun/org/apache/xerces/internal/xni/parser/XMLDocumentScanner
instanceKlass com/sun/org/apache/xerces/internal/xni/parser/XMLPullParserConfiguration
instanceKlass com/sun/org/apache/xerces/internal/xni/parser/XMLParserConfiguration
instanceKlass com/sun/org/apache/xerces/internal/impl/xs/opti/DefaultXMLDocumentHandler
instanceKlass com/sun/org/apache/xerces/internal/xni/XMLDTDContentModelHandler
instanceKlass com/sun/org/apache/xerces/internal/xni/XMLDTDHandler
instanceKlass com/sun/org/apache/xerces/internal/impl/xs/util/SimpleLocator
instanceKlass com/sun/org/apache/xerces/internal/util/SymbolHash$Entry
instanceKlass com/sun/org/apache/xerces/internal/util/SymbolHash
instanceKlass com/sun/org/apache/xerces/internal/impl/xs/traversers/XSDocumentInfo
instanceKlass com/sun/org/apache/xerces/internal/impl/xs/XSParticleDecl
instanceKlass com/sun/org/apache/xerces/internal/xs/XSParticle
instanceKlass com/sun/org/apache/xerces/internal/impl/xs/traversers/XSDHandler
instanceKlass com/sun/org/apache/xerces/internal/impl/xs/models/XSEmptyCM
instanceKlass com/sun/org/apache/xerces/internal/impl/xs/models/XSCMValidator
instanceKlass com/sun/org/apache/xerces/internal/impl/xs/models/CMBuilder
instanceKlass com/sun/org/apache/xerces/internal/impl/xs/SubstitutionGroupHandler$OneSubGroup
instanceKlass com/sun/org/apache/xerces/internal/impl/xs/XSElementDecl
instanceKlass com/sun/org/apache/xerces/internal/xs/XSElementDeclaration
instanceKlass com/sun/org/apache/xerces/internal/xs/XSTerm
instanceKlass com/sun/org/apache/xerces/internal/xs/XSObject
instanceKlass com/sun/org/apache/xerces/internal/impl/xs/SubstitutionGroupHandler
instanceKlass com/sun/org/apache/xerces/internal/impl/xs/XSGrammarBucket
instanceKlass com/sun/org/apache/xerces/internal/util/FeatureState
instanceKlass com/sun/org/apache/xerces/internal/impl/xs/XSMessageFormatter
instanceKlass com/sun/org/apache/xerces/internal/util/MessageFormatter
instanceKlass com/sun/org/apache/xerces/internal/util/DefaultErrorHandler
instanceKlass com/sun/org/apache/xerces/internal/xni/parser/XMLErrorHandler
instanceKlass com/sun/org/apache/xerces/internal/util/PropertyState
instanceKlass com/sun/org/apache/xerces/internal/xni/grammars/XMLSchemaDescription
instanceKlass com/sun/org/apache/xerces/internal/xni/grammars/XMLGrammarDescription
instanceKlass com/sun/org/apache/xerces/internal/impl/xs/models/CMNodeFactory
instanceKlass com/sun/org/apache/xerces/internal/impl/XMLErrorReporter
instanceKlass com/sun/org/apache/xerces/internal/util/ParserConfigurationSettings
instanceKlass com/sun/org/apache/xerces/internal/xni/parser/XMLComponentManager
instanceKlass com/sun/org/apache/xerces/internal/impl/XMLEntityScanner
instanceKlass com/sun/org/apache/xerces/internal/xni/XMLLocator
instanceKlass com/sun/xml/internal/stream/XMLEntityStorage
instanceKlass com/sun/org/apache/xerces/internal/utils/SecuritySupport$8
instanceKlass com/sun/org/apache/xerces/internal/utils/SecuritySupport$4
instanceKlass com/sun/org/apache/xerces/internal/utils/SecuritySupport
instanceKlass com/sun/org/apache/xerces/internal/utils/XMLSecurityManager
instanceKlass com/sun/org/apache/xerces/internal/impl/XMLEntityManager$CharacterBuffer
instanceKlass com/sun/org/apache/xerces/internal/impl/XMLEntityManager$CharacterBufferPool
instanceKlass com/sun/org/apache/xerces/internal/util/AugmentationsImpl$AugmentationsItemsContainer
instanceKlass com/sun/org/apache/xerces/internal/util/AugmentationsImpl
instanceKlass com/sun/org/apache/xerces/internal/xni/Augmentations
instanceKlass com/sun/org/apache/xerces/internal/util/XMLResourceIdentifierImpl
instanceKlass com/sun/org/apache/xerces/internal/xni/XMLResourceIdentifier
instanceKlass com/sun/org/apache/xerces/internal/impl/XMLEntityManager
